2021-08-05 10:58:35.804  INFO 18972 --- [restartedMain] com.star.MyblogApplication               : Starting MyblogApplication on ccyy with PID 18972 (/home/ccyy/IdeaProjects/myblog/target/classes started by ccyy in /home/ccyy/IdeaProjects/myblog)
2021-08-05 10:58:35.810 DEBUG 18972 --- [restartedMain] com.star.MyblogApplication               : Running with Spring Boot v2.2.5.RELEASE, Spring v5.2.4.RELEASE
2021-08-05 10:58:35.811  INFO 18972 --- [restartedMain] com.star.MyblogApplication               : No active profile set, falling back to default profiles: default
2021-08-05 10:58:35.885  INFO 18972 --- [restartedMain] .e.DevToolsPropertyDefaultsPostProcessor : Devtools property defaults active! Set 'spring.devtools.add-properties' to 'false' to disable
2021-08-05 10:58:35.885  INFO 18972 --- [restartedMain] .e.DevToolsPropertyDefaultsPostProcessor : For additional web related logging consider setting the 'logging.level.web' property to 'DEBUG'
2021-08-05 10:58:37.024  INFO 18972 --- [restartedMain] trationDelegate$BeanPostProcessorChecker : Bean 'shiroConfig' of type [com.star.shiro.ShiroConfig$$EnhancerBySpringCGLIB$$ac9f50df] is not eligible for getting processed by all BeanPostProcessors (for example: not eligible for auto-proxying)
2021-08-05 10:58:37.164  INFO 18972 --- [restartedMain] trationDelegate$BeanPostProcessorChecker : Bean 'mybatis-org.mybatis.spring.boot.autoconfigure.MybatisProperties' of type [org.mybatis.spring.boot.autoconfigure.MybatisProperties] is not eligible for getting processed by all BeanPostProcessors (for example: not eligible for auto-proxying)
2021-08-05 10:58:37.170  INFO 18972 --- [restartedMain] trationDelegate$BeanPostProcessorChecker : Bean 'org.mybatis.spring.boot.autoconfigure.MybatisAutoConfiguration' of type [org.mybatis.spring.boot.autoconfigure.MybatisAutoConfiguration$$EnhancerBySpringCGLIB$$7da98263] is not eligible for getting processed by all BeanPostProcessors (for example: not eligible for auto-proxying)
2021-08-05 10:58:37.173  INFO 18972 --- [restartedMain] trationDelegate$BeanPostProcessorChecker : Bean 'org.springframework.boot.autoconfigure.jdbc.DataSourceConfiguration$Hikari' of type [org.springframework.boot.autoconfigure.jdbc.DataSourceConfiguration$Hikari] is not eligible for getting processed by all BeanPostProcessors (for example: not eligible for auto-proxying)
2021-08-05 10:58:37.181  INFO 18972 --- [restartedMain] trationDelegate$BeanPostProcessorChecker : Bean 'spring.datasource-org.springframework.boot.autoconfigure.jdbc.DataSourceProperties' of type [org.springframework.boot.autoconfigure.jdbc.DataSourceProperties] is not eligible for getting processed by all BeanPostProcessors (for example: not eligible for auto-proxying)
2021-08-05 10:58:37.210  INFO 18972 --- [restartedMain] trationDelegate$BeanPostProcessorChecker : Bean 'dataSource' of type [com.zaxxer.hikari.HikariDataSource] is not eligible for getting processed by all BeanPostProcessors (for example: not eligible for auto-proxying)
2021-08-05 10:58:37.518  INFO 18972 --- [restartedMain] trationDelegate$BeanPostProcessorChecker : Bean 'sqlSessionFactory' of type [org.apache.ibatis.session.defaults.DefaultSqlSessionFactory] is not eligible for getting processed by all BeanPostProcessors (for example: not eligible for auto-proxying)
2021-08-05 10:58:37.524  INFO 18972 --- [restartedMain] trationDelegate$BeanPostProcessorChecker : Bean 'sqlSessionTemplate' of type [org.mybatis.spring.SqlSessionTemplate] is not eligible for getting processed by all BeanPostProcessors (for example: not eligible for auto-proxying)
2021-08-05 10:58:37.526  INFO 18972 --- [restartedMain] trationDelegate$BeanPostProcessorChecker : Bean 'userDao' of type [org.mybatis.spring.mapper.MapperFactoryBean] is not eligible for getting processed by all BeanPostProcessors (for example: not eligible for auto-proxying)
2021-08-05 10:58:37.528  INFO 18972 --- [restartedMain] trationDelegate$BeanPostProcessorChecker : Bean 'userDao' of type [com.sun.proxy.$Proxy66] is not eligible for getting processed by all BeanPostProcessors (for example: not eligible for auto-proxying)
2021-08-05 10:58:37.529  INFO 18972 --- [restartedMain] trationDelegate$BeanPostProcessorChecker : Bean 'userServiceImpl' of type [com.star.service.Impl.UserServiceImpl] is not eligible for getting processed by all BeanPostProcessors (for example: not eligible for auto-proxying)
2021-08-05 10:58:37.529  INFO 18972 --- [restartedMain] trationDelegate$BeanPostProcessorChecker : Bean 'myShiroRealm' of type [com.star.shiro.CustomRealm] is not eligible for getting processed by all BeanPostProcessors (for example: not eligible for auto-proxying)
2021-08-05 10:58:37.807  INFO 18972 --- [restartedMain] trationDelegate$BeanPostProcessorChecker : Bean 'securityManager' of type [org.apache.shiro.web.mgt.DefaultWebSecurityManager] is not eligible for getting processed by all BeanPostProcessors (for example: not eligible for auto-proxying)
2021-08-05 10:58:37.881  INFO 18972 --- [restartedMain] trationDelegate$BeanPostProcessorChecker : Bean 'authorizationAttributeSourceAdvisor' of type [org.apache.shiro.spring.security.interceptor.AuthorizationAttributeSourceAdvisor] is not eligible for getting processed by all BeanPostProcessors (for example: not eligible for auto-proxying)
2021-08-05 10:58:39.020  INFO 18972 --- [restartedMain] o.s.b.w.embedded.tomcat.TomcatWebServer  : Tomcat initialized with port(s): 18084 (http)
2021-08-05 10:58:39.031  INFO 18972 --- [restartedMain] o.apache.catalina.core.StandardService   : Starting service [Tomcat]
2021-08-05 10:58:39.031  INFO 18972 --- [restartedMain] org.apache.catalina.core.StandardEngine  : Starting Servlet engine: [Apache Tomcat/9.0.31]
2021-08-05 10:58:40.199  INFO 18972 --- [restartedMain] o.a.c.c.C.[Tomcat].[localhost].[/]       : Initializing Spring embedded WebApplicationContext
2021-08-05 10:58:40.199  INFO 18972 --- [restartedMain] o.s.web.context.ContextLoader            : Root WebApplicationContext: initialization completed in 4313 ms
2021-08-05 10:58:41.136  INFO 18972 --- [restartedMain] o.s.s.concurrent.ThreadPoolTaskExecutor  : Initializing ExecutorService 'applicationTaskExecutor'
2021-08-05 10:58:41.373  INFO 18972 --- [restartedMain] o.s.b.a.w.s.WelcomePageHandlerMapping    : Adding welcome page template: index
2021-08-05 10:58:42.131  INFO 18972 --- [restartedMain] o.s.b.d.a.OptionalLiveReloadServer       : LiveReload server is running on port 35729
2021-08-05 10:58:42.205  INFO 18972 --- [restartedMain] o.s.b.w.embedded.tomcat.TomcatWebServer  : Tomcat started on port(s): 18084 (http) with context path ''
2021-08-05 10:58:42.210  INFO 18972 --- [restartedMain] com.star.MyblogApplication               : Started MyblogApplication in 7.204 seconds (JVM running for 10.482)
2021-08-05 10:59:00.121  INFO 18972 --- [http-nio-18084-exec-1] o.a.c.c.C.[Tomcat].[localhost].[/]       : Initializing Spring DispatcherServlet 'dispatcherServlet'
2021-08-05 10:59:00.121  INFO 18972 --- [http-nio-18084-exec-1] o.s.web.servlet.DispatcherServlet        : Initializing Servlet 'dispatcherServlet'
2021-08-05 10:59:00.141  INFO 18972 --- [http-nio-18084-exec-1] o.s.web.servlet.DispatcherServlet        : Completed initialization in 20 ms
2021-08-05 10:59:00.282  INFO 18972 --- [http-nio-18084-exec-1] com.star.aspect.LogAspect                : Request : {url='http://localhost:18084/', ip='0:0:0:0:0:0:0:1', classMethod='com.star.controller.IndexController.index', args=[{}, 1, {}]}
2021-08-05 10:59:00.309  INFO 18972 --- [http-nio-18084-exec-1] com.zaxxer.hikari.HikariDataSource       : HikariPool-1 - Starting...
2021-08-05 10:59:00.911  INFO 18972 --- [http-nio-18084-exec-1] com.zaxxer.hikari.HikariDataSource       : HikariPool-1 - Start completed.
2021-08-05 10:59:00.957 DEBUG 18972 --- [http-nio-18084-exec-1] c.s.dao.BlogDao.getFirstPageBlog_COUNT   : ==>  Preparing: SELECT count(0) FROM myblog.t_blog b, myblog.t_type t, myblog.t_user u WHERE b.type_id = t.id AND u.id = b.user_id 
2021-08-05 10:59:00.986 DEBUG 18972 --- [http-nio-18084-exec-1] c.s.dao.BlogDao.getFirstPageBlog_COUNT   : ==> Parameters: 
2021-08-05 10:59:01.052 DEBUG 18972 --- [http-nio-18084-exec-1] c.s.dao.BlogDao.getFirstPageBlog_COUNT   : <==      Total: 1
2021-08-05 10:59:01.056 DEBUG 18972 --- [http-nio-18084-exec-1] com.star.dao.BlogDao.getFirstPageBlog    : ==>  Preparing: select b.id,b.title,b.first_picture, b.views, b.comment_count,b.update_time,b.description, t.name , u.nickname, u.avatar from myblog.t_blog b, myblog.t_type t,myblog.t_user u where b.type_id = t.id and u.id = b.user_id order by b.update_time desc LIMIT ? 
2021-08-05 10:59:01.057 DEBUG 18972 --- [http-nio-18084-exec-1] com.star.dao.BlogDao.getFirstPageBlog    : ==> Parameters: 10(Integer)
2021-08-05 10:59:01.105 DEBUG 18972 --- [http-nio-18084-exec-1] com.star.dao.BlogDao.getFirstPageBlog    : <==      Total: 10
2021-08-05 10:59:01.107 DEBUG 18972 --- [http-nio-18084-exec-1] c.star.dao.BlogDao.getAllRecommendBlog   : ==>  Preparing: select * from myblog.t_blog where t_blog.recommend = true order by t_blog.update_time desc limit 4; 
2021-08-05 10:59:01.107 DEBUG 18972 --- [http-nio-18084-exec-1] c.star.dao.BlogDao.getAllRecommendBlog   : ==> Parameters: 
2021-08-05 10:59:01.281 DEBUG 18972 --- [http-nio-18084-exec-1] c.star.dao.BlogDao.getAllRecommendBlog   : <==      Total: 4
2021-08-05 10:59:01.283  INFO 18972 --- [http-nio-18084-exec-1] com.star.aspect.LogAspect                : Result : index
2021-08-05 10:59:03.852  INFO 18972 --- [http-nio-18084-exec-10] com.star.aspect.LogAspect                : Request : {url='http://localhost:18084/footer/blogmessage', ip='0:0:0:0:0:0:0:1', classMethod='com.star.controller.IndexController.blogMessage', args=[{}]}
2021-08-05 10:59:03.898 DEBUG 18972 --- [http-nio-18084-exec-10] com.star.dao.BlogDao.getBlogTotal        : ==>  Preparing: select count(*) from myblog.t_blog 
2021-08-05 10:59:03.899 DEBUG 18972 --- [http-nio-18084-exec-10] com.star.dao.BlogDao.getBlogTotal        : ==> Parameters: 
2021-08-05 10:59:03.940 DEBUG 18972 --- [http-nio-18084-exec-10] com.star.dao.BlogDao.getBlogTotal        : <==      Total: 1
2021-08-05 10:59:03.942 DEBUG 18972 --- [http-nio-18084-exec-10] com.star.dao.BlogDao.getBlogViewTotal    : ==>  Preparing: select sum(views) from myblog.t_blog 
2021-08-05 10:59:03.942 DEBUG 18972 --- [http-nio-18084-exec-10] com.star.dao.BlogDao.getBlogViewTotal    : ==> Parameters: 
2021-08-05 10:59:03.980 DEBUG 18972 --- [http-nio-18084-exec-10] com.star.dao.BlogDao.getBlogViewTotal    : <==      Total: 1
2021-08-05 10:59:03.981 DEBUG 18972 --- [http-nio-18084-exec-10] c.star.dao.BlogDao.getBlogCommentTotal   : ==>  Preparing: select count(*) from myblog.t_comment 
2021-08-05 10:59:03.982 DEBUG 18972 --- [http-nio-18084-exec-10] c.star.dao.BlogDao.getBlogCommentTotal   : ==> Parameters: 
2021-08-05 10:59:04.028 DEBUG 18972 --- [http-nio-18084-exec-10] c.star.dao.BlogDao.getBlogCommentTotal   : <==      Total: 1
2021-08-05 10:59:04.031 DEBUG 18972 --- [http-nio-18084-exec-10] c.star.dao.BlogDao.getBlogMessageTotal   : ==>  Preparing: select count(*) from myblog.t_message 
2021-08-05 10:59:04.034 DEBUG 18972 --- [http-nio-18084-exec-10] c.star.dao.BlogDao.getBlogMessageTotal   : ==> Parameters: 
2021-08-05 10:59:04.180 DEBUG 18972 --- [http-nio-18084-exec-10] c.star.dao.BlogDao.getBlogMessageTotal   : <==      Total: 1
2021-08-05 10:59:04.181  INFO 18972 --- [http-nio-18084-exec-10] com.star.aspect.LogAspect                : Result : admin/footer :: blogMessage
2021-08-05 10:59:19.058 DEBUG 18972 --- [http-nio-18084-exec-4] com.star.dao.UserDao.findByUsername      : ==>  Preparing: select * from myblog.t_user where username = ?; 
2021-08-05 10:59:19.063 DEBUG 18972 --- [http-nio-18084-exec-4] com.star.dao.UserDao.findByUsername      : ==> Parameters: ccyy(String)
2021-08-05 10:59:19.145 DEBUG 18972 --- [http-nio-18084-exec-4] com.star.dao.UserDao.findByUsername      : <==      Total: 1
2021-08-05 10:59:23.759 DEBUG 18972 --- [http-nio-18084-exec-4] com.star.dao.UserDao.findByUsername      : ==>  Preparing: select * from myblog.t_user where username = ?; 
2021-08-05 10:59:23.761 DEBUG 18972 --- [http-nio-18084-exec-4] com.star.dao.UserDao.findByUsername      : ==> Parameters: ccyy(String)
2021-08-05 10:59:23.808 DEBUG 18972 --- [http-nio-18084-exec-4] com.star.dao.UserDao.findByUsername      : <==      Total: 1
2021-08-05 11:00:13.507  INFO 18972 --- [http-nio-18084-exec-6] com.star.aspect.LogAspect                : Request : {url='http://localhost:18084/footer/blogmessage', ip='0:0:0:0:0:0:0:1', classMethod='com.star.controller.IndexController.blogMessage', args=[{}]}
2021-08-05 11:00:13.549 DEBUG 18972 --- [http-nio-18084-exec-6] com.star.dao.BlogDao.getBlogTotal        : ==>  Preparing: select count(*) from myblog.t_blog 
2021-08-05 11:00:13.550 DEBUG 18972 --- [http-nio-18084-exec-6] com.star.dao.BlogDao.getBlogTotal        : ==> Parameters: 
2021-08-05 11:00:13.600 DEBUG 18972 --- [http-nio-18084-exec-6] com.star.dao.BlogDao.getBlogTotal        : <==      Total: 1
2021-08-05 11:00:13.601 DEBUG 18972 --- [http-nio-18084-exec-6] com.star.dao.BlogDao.getBlogViewTotal    : ==>  Preparing: select sum(views) from myblog.t_blog 
2021-08-05 11:00:13.605 DEBUG 18972 --- [http-nio-18084-exec-6] com.star.dao.BlogDao.getBlogViewTotal    : ==> Parameters: 
2021-08-05 11:00:13.649 DEBUG 18972 --- [http-nio-18084-exec-6] com.star.dao.BlogDao.getBlogViewTotal    : <==      Total: 1
2021-08-05 11:00:13.653 DEBUG 18972 --- [http-nio-18084-exec-6] c.star.dao.BlogDao.getBlogCommentTotal   : ==>  Preparing: select count(*) from myblog.t_comment 
2021-08-05 11:00:13.656 DEBUG 18972 --- [http-nio-18084-exec-6] c.star.dao.BlogDao.getBlogCommentTotal   : ==> Parameters: 
2021-08-05 11:00:13.699 DEBUG 18972 --- [http-nio-18084-exec-6] c.star.dao.BlogDao.getBlogCommentTotal   : <==      Total: 1
2021-08-05 11:00:13.700 DEBUG 18972 --- [http-nio-18084-exec-6] c.star.dao.BlogDao.getBlogMessageTotal   : ==>  Preparing: select count(*) from myblog.t_message 
2021-08-05 11:00:13.700 DEBUG 18972 --- [http-nio-18084-exec-6] c.star.dao.BlogDao.getBlogMessageTotal   : ==> Parameters: 
2021-08-05 11:00:13.739 DEBUG 18972 --- [http-nio-18084-exec-6] c.star.dao.BlogDao.getBlogMessageTotal   : <==      Total: 1
2021-08-05 11:00:13.739  INFO 18972 --- [http-nio-18084-exec-6] com.star.aspect.LogAspect                : Result : admin/footer :: blogMessage
2021-08-05 11:06:47.486  INFO 18972 --- [SpringContextShutdownHook] o.s.s.concurrent.ThreadPoolTaskExecutor  : Shutting down ExecutorService 'applicationTaskExecutor'
2021-08-05 11:06:47.488  INFO 18972 --- [SpringContextShutdownHook] com.zaxxer.hikari.HikariDataSource       : HikariPool-1 - Shutdown initiated...
2021-08-05 11:06:47.496  INFO 18972 --- [SpringContextShutdownHook] com.zaxxer.hikari.HikariDataSource       : HikariPool-1 - Shutdown completed.
2021-08-05 11:06:56.129  INFO 24048 --- [restartedMain] com.star.MyblogApplication               : Starting MyblogApplication on ccyy with PID 24048 (/home/ccyy/IdeaProjects/myblog/target/classes started by ccyy in /home/ccyy/IdeaProjects/myblog)
2021-08-05 11:06:56.133 DEBUG 24048 --- [restartedMain] com.star.MyblogApplication               : Running with Spring Boot v2.2.5.RELEASE, Spring v5.2.4.RELEASE
2021-08-05 11:06:56.134  INFO 24048 --- [restartedMain] com.star.MyblogApplication               : No active profile set, falling back to default profiles: default
2021-08-05 11:06:56.291  INFO 24048 --- [restartedMain] .e.DevToolsPropertyDefaultsPostProcessor : Devtools property defaults active! Set 'spring.devtools.add-properties' to 'false' to disable
2021-08-05 11:06:56.291  INFO 24048 --- [restartedMain] .e.DevToolsPropertyDefaultsPostProcessor : For additional web related logging consider setting the 'logging.level.web' property to 'DEBUG'
2021-08-05 11:06:57.666  INFO 24048 --- [restartedMain] trationDelegate$BeanPostProcessorChecker : Bean 'shiroConfig' of type [com.star.shiro.ShiroConfig$$EnhancerBySpringCGLIB$$bb6fd483] is not eligible for getting processed by all BeanPostProcessors (for example: not eligible for auto-proxying)
2021-08-05 11:06:57.790  INFO 24048 --- [restartedMain] trationDelegate$BeanPostProcessorChecker : Bean 'mybatis-org.mybatis.spring.boot.autoconfigure.MybatisProperties' of type [org.mybatis.spring.boot.autoconfigure.MybatisProperties] is not eligible for getting processed by all BeanPostProcessors (for example: not eligible for auto-proxying)
2021-08-05 11:06:57.801  INFO 24048 --- [restartedMain] trationDelegate$BeanPostProcessorChecker : Bean 'org.mybatis.spring.boot.autoconfigure.MybatisAutoConfiguration' of type [org.mybatis.spring.boot.autoconfigure.MybatisAutoConfiguration$$EnhancerBySpringCGLIB$$8c7a0607] is not eligible for getting processed by all BeanPostProcessors (for example: not eligible for auto-proxying)
2021-08-05 11:06:57.805  INFO 24048 --- [restartedMain] trationDelegate$BeanPostProcessorChecker : Bean 'org.springframework.boot.autoconfigure.jdbc.DataSourceConfiguration$Hikari' of type [org.springframework.boot.autoconfigure.jdbc.DataSourceConfiguration$Hikari] is not eligible for getting processed by all BeanPostProcessors (for example: not eligible for auto-proxying)
2021-08-05 11:06:57.814  INFO 24048 --- [restartedMain] trationDelegate$BeanPostProcessorChecker : Bean 'spring.datasource-org.springframework.boot.autoconfigure.jdbc.DataSourceProperties' of type [org.springframework.boot.autoconfigure.jdbc.DataSourceProperties] is not eligible for getting processed by all BeanPostProcessors (for example: not eligible for auto-proxying)
2021-08-05 11:06:57.843  INFO 24048 --- [restartedMain] trationDelegate$BeanPostProcessorChecker : Bean 'dataSource' of type [com.zaxxer.hikari.HikariDataSource] is not eligible for getting processed by all BeanPostProcessors (for example: not eligible for auto-proxying)
2021-08-05 11:06:58.118  INFO 24048 --- [restartedMain] trationDelegate$BeanPostProcessorChecker : Bean 'sqlSessionFactory' of type [org.apache.ibatis.session.defaults.DefaultSqlSessionFactory] is not eligible for getting processed by all BeanPostProcessors (for example: not eligible for auto-proxying)
2021-08-05 11:06:58.125  INFO 24048 --- [restartedMain] trationDelegate$BeanPostProcessorChecker : Bean 'sqlSessionTemplate' of type [org.mybatis.spring.SqlSessionTemplate] is not eligible for getting processed by all BeanPostProcessors (for example: not eligible for auto-proxying)
2021-08-05 11:06:58.126  INFO 24048 --- [restartedMain] trationDelegate$BeanPostProcessorChecker : Bean 'userDao' of type [org.mybatis.spring.mapper.MapperFactoryBean] is not eligible for getting processed by all BeanPostProcessors (for example: not eligible for auto-proxying)
2021-08-05 11:06:58.128  INFO 24048 --- [restartedMain] trationDelegate$BeanPostProcessorChecker : Bean 'userDao' of type [com.sun.proxy.$Proxy66] is not eligible for getting processed by all BeanPostProcessors (for example: not eligible for auto-proxying)
2021-08-05 11:06:58.129  INFO 24048 --- [restartedMain] trationDelegate$BeanPostProcessorChecker : Bean 'userServiceImpl' of type [com.star.service.Impl.UserServiceImpl] is not eligible for getting processed by all BeanPostProcessors (for example: not eligible for auto-proxying)
2021-08-05 11:06:58.129  INFO 24048 --- [restartedMain] trationDelegate$BeanPostProcessorChecker : Bean 'myShiroRealm' of type [com.star.shiro.CustomRealm] is not eligible for getting processed by all BeanPostProcessors (for example: not eligible for auto-proxying)
2021-08-05 11:06:58.361  INFO 24048 --- [restartedMain] trationDelegate$BeanPostProcessorChecker : Bean 'securityManager' of type [org.apache.shiro.web.mgt.DefaultWebSecurityManager] is not eligible for getting processed by all BeanPostProcessors (for example: not eligible for auto-proxying)
2021-08-05 11:06:58.416  INFO 24048 --- [restartedMain] trationDelegate$BeanPostProcessorChecker : Bean 'authorizationAttributeSourceAdvisor' of type [org.apache.shiro.spring.security.interceptor.AuthorizationAttributeSourceAdvisor] is not eligible for getting processed by all BeanPostProcessors (for example: not eligible for auto-proxying)
2021-08-05 11:06:58.997  INFO 24048 --- [restartedMain] o.s.b.w.embedded.tomcat.TomcatWebServer  : Tomcat initialized with port(s): 18084 (http)
2021-08-05 11:06:59.008  INFO 24048 --- [restartedMain] o.apache.catalina.core.StandardService   : Starting service [Tomcat]
2021-08-05 11:06:59.009  INFO 24048 --- [restartedMain] org.apache.catalina.core.StandardEngine  : Starting Servlet engine: [Apache Tomcat/9.0.31]
2021-08-05 11:06:59.118  INFO 24048 --- [restartedMain] o.a.c.c.C.[Tomcat].[localhost].[/]       : Initializing Spring embedded WebApplicationContext
2021-08-05 11:06:59.118  INFO 24048 --- [restartedMain] o.s.web.context.ContextLoader            : Root WebApplicationContext: initialization completed in 2826 ms
2021-08-05 11:07:00.144  INFO 24048 --- [restartedMain] o.s.s.concurrent.ThreadPoolTaskExecutor  : Initializing ExecutorService 'applicationTaskExecutor'
2021-08-05 11:07:00.312  INFO 24048 --- [restartedMain] o.s.b.a.w.s.WelcomePageHandlerMapping    : Adding welcome page template: index
2021-08-05 11:07:01.587  INFO 24048 --- [restartedMain] o.s.b.d.a.OptionalLiveReloadServer       : LiveReload server is running on port 35729
2021-08-05 11:07:01.678  INFO 24048 --- [restartedMain] o.s.b.w.embedded.tomcat.TomcatWebServer  : Tomcat started on port(s): 18084 (http) with context path ''
2021-08-05 11:07:01.683  INFO 24048 --- [restartedMain] com.star.MyblogApplication               : Started MyblogApplication in 6.239 seconds (JVM running for 7.341)
2021-08-05 11:07:15.004  INFO 24048 --- [http-nio-18084-exec-1] o.a.c.c.C.[Tomcat].[localhost].[/]       : Initializing Spring DispatcherServlet 'dispatcherServlet'
2021-08-05 11:07:15.004  INFO 24048 --- [http-nio-18084-exec-1] o.s.web.servlet.DispatcherServlet        : Initializing Servlet 'dispatcherServlet'
2021-08-05 11:07:15.021  INFO 24048 --- [http-nio-18084-exec-1] o.s.web.servlet.DispatcherServlet        : Completed initialization in 17 ms
2021-08-05 11:07:17.046  INFO 24048 --- [http-nio-18084-exec-5] com.zaxxer.hikari.HikariDataSource       : HikariPool-1 - Starting...
2021-08-05 11:07:17.605  INFO 24048 --- [http-nio-18084-exec-5] com.zaxxer.hikari.HikariDataSource       : HikariPool-1 - Start completed.
2021-08-05 11:07:17.614 DEBUG 24048 --- [http-nio-18084-exec-5] com.star.dao.UserDao.findByUsername      : ==>  Preparing: select * from myblog.t_user where username = ?; 
2021-08-05 11:07:17.634 DEBUG 24048 --- [http-nio-18084-exec-5] com.star.dao.UserDao.findByUsername      : ==> Parameters: ccyy(String)
2021-08-05 11:07:17.690 DEBUG 24048 --- [http-nio-18084-exec-5] com.star.dao.UserDao.findByUsername      : <==      Total: 1
2021-08-05 11:07:17.699 DEBUG 24048 --- [http-nio-18084-exec-5] com.star.dao.UserDao.findByUsername      : ==>  Preparing: select * from myblog.t_user where username = ?; 
2021-08-05 11:07:17.699 DEBUG 24048 --- [http-nio-18084-exec-5] com.star.dao.UserDao.findByUsername      : ==> Parameters: ccyy(String)
2021-08-05 11:07:17.743 DEBUG 24048 --- [http-nio-18084-exec-5] com.star.dao.UserDao.findByUsername      : <==      Total: 1
2021-08-05 11:07:17.934  INFO 24048 --- [http-nio-18084-exec-5] com.star.aspect.LogAspect                : Request : {url='http://localhost:18084/footer/blogmessage', ip='0:0:0:0:0:0:0:1', classMethod='com.star.controller.IndexController.blogMessage', args=[{}]}
2021-08-05 11:07:17.941 DEBUG 24048 --- [http-nio-18084-exec-5] com.star.dao.BlogDao.getBlogTotal        : ==>  Preparing: select count(*) from myblog.t_blog 
2021-08-05 11:07:17.942 DEBUG 24048 --- [http-nio-18084-exec-5] com.star.dao.BlogDao.getBlogTotal        : ==> Parameters: 
2021-08-05 11:07:17.982 DEBUG 24048 --- [http-nio-18084-exec-5] com.star.dao.BlogDao.getBlogTotal        : <==      Total: 1
2021-08-05 11:07:17.983 DEBUG 24048 --- [http-nio-18084-exec-5] com.star.dao.BlogDao.getBlogViewTotal    : ==>  Preparing: select sum(views) from myblog.t_blog 
2021-08-05 11:07:17.983 DEBUG 24048 --- [http-nio-18084-exec-5] com.star.dao.BlogDao.getBlogViewTotal    : ==> Parameters: 
2021-08-05 11:07:18.023 DEBUG 24048 --- [http-nio-18084-exec-5] com.star.dao.BlogDao.getBlogViewTotal    : <==      Total: 1
2021-08-05 11:07:18.025 DEBUG 24048 --- [http-nio-18084-exec-5] c.star.dao.BlogDao.getBlogCommentTotal   : ==>  Preparing: select count(*) from myblog.t_comment 
2021-08-05 11:07:18.025 DEBUG 24048 --- [http-nio-18084-exec-5] c.star.dao.BlogDao.getBlogCommentTotal   : ==> Parameters: 
2021-08-05 11:07:18.064 DEBUG 24048 --- [http-nio-18084-exec-5] c.star.dao.BlogDao.getBlogCommentTotal   : <==      Total: 1
2021-08-05 11:07:18.065 DEBUG 24048 --- [http-nio-18084-exec-5] c.star.dao.BlogDao.getBlogMessageTotal   : ==>  Preparing: select count(*) from myblog.t_message 
2021-08-05 11:07:18.065 DEBUG 24048 --- [http-nio-18084-exec-5] c.star.dao.BlogDao.getBlogMessageTotal   : ==> Parameters: 
2021-08-05 11:07:18.104 DEBUG 24048 --- [http-nio-18084-exec-5] c.star.dao.BlogDao.getBlogMessageTotal   : <==      Total: 1
2021-08-05 11:07:18.105  INFO 24048 --- [http-nio-18084-exec-5] com.star.aspect.LogAspect                : Result : admin/footer :: blogMessage
2021-08-05 11:07:32.531 ERROR 24048 --- [http-nio-18084-exec-9] org.thymeleaf.TemplateEngine             : [THYMELEAF][http-nio-18084-exec-9] Exception processing template "admin/index": An error happened during template parsing (template: "class path resource [templates/admin/index.html]")

org.thymeleaf.exceptions.TemplateInputException: An error happened during template parsing (template: "class path resource [templates/admin/index.html]")
	at org.thymeleaf.templateparser.markup.AbstractMarkupTemplateParser.parse(AbstractMarkupTemplateParser.java:241)
	at org.thymeleaf.templateparser.markup.AbstractMarkupTemplateParser.parseStandalone(AbstractMarkupTemplateParser.java:100)
	at org.thymeleaf.engine.TemplateManager.parseAndProcess(TemplateManager.java:666)
	at org.thymeleaf.TemplateEngine.process(TemplateEngine.java:1098)
	at org.thymeleaf.TemplateEngine.process(TemplateEngine.java:1072)
	at org.thymeleaf.spring5.view.ThymeleafView.renderFragment(ThymeleafView.java:362)
	at org.thymeleaf.spring5.view.ThymeleafView.render(ThymeleafView.java:189)
	at org.springframework.web.servlet.DispatcherServlet.render(DispatcherServlet.java:1373)
	at org.springframework.web.servlet.DispatcherServlet.processDispatchResult(DispatcherServlet.java:1118)
	at org.springframework.web.servlet.DispatcherServlet.doDispatch(DispatcherServlet.java:1057)
	at org.springframework.web.servlet.DispatcherServlet.doService(DispatcherServlet.java:943)
	at org.springframework.web.servlet.FrameworkServlet.processRequest(FrameworkServlet.java:1006)
	at org.springframework.web.servlet.FrameworkServlet.doGet(FrameworkServlet.java:898)
	at javax.servlet.http.HttpServlet.service(HttpServlet.java:634)
	at org.springframework.web.servlet.FrameworkServlet.service(FrameworkServlet.java:883)
	at javax.servlet.http.HttpServlet.service(HttpServlet.java:741)
	at org.apache.catalina.core.ApplicationFilterChain.internalDoFilter(ApplicationFilterChain.java:231)
	at org.apache.catalina.core.ApplicationFilterChain.doFilter(ApplicationFilterChain.java:166)
	at org.apache.tomcat.websocket.server.WsFilter.doFilter(WsFilter.java:53)
	at org.apache.catalina.core.ApplicationFilterChain.internalDoFilter(ApplicationFilterChain.java:193)
	at org.apache.catalina.core.ApplicationFilterChain.doFilter(ApplicationFilterChain.java:166)
	at org.apache.shiro.web.servlet.OncePerRequestFilter.doFilter(OncePerRequestFilter.java:112)
	at org.apache.catalina.core.ApplicationFilterChain.internalDoFilter(ApplicationFilterChain.java:193)
	at org.apache.catalina.core.ApplicationFilterChain.doFilter(ApplicationFilterChain.java:166)
	at org.apache.shiro.web.servlet.ProxiedFilterChain.doFilter(ProxiedFilterChain.java:61)
	at org.apache.shiro.web.servlet.AdviceFilter.executeChain(AdviceFilter.java:108)
	at org.apache.shiro.web.servlet.AdviceFilter.doFilterInternal(AdviceFilter.java:137)
	at org.apache.shiro.web.servlet.OncePerRequestFilter.doFilter(OncePerRequestFilter.java:125)
	at org.apache.shiro.web.servlet.ProxiedFilterChain.doFilter(ProxiedFilterChain.java:66)
	at org.apache.shiro.web.servlet.AdviceFilter.executeChain(AdviceFilter.java:108)
	at org.apache.shiro.web.servlet.AdviceFilter.doFilterInternal(AdviceFilter.java:137)
	at org.apache.shiro.web.servlet.OncePerRequestFilter.doFilter(OncePerRequestFilter.java:125)
	at org.apache.shiro.web.servlet.ProxiedFilterChain.doFilter(ProxiedFilterChain.java:66)
	at org.apache.shiro.web.servlet.AbstractShiroFilter.executeChain(AbstractShiroFilter.java:450)
	at org.apache.shiro.web.servlet.AbstractShiroFilter$1.call(AbstractShiroFilter.java:365)
	at org.apache.shiro.subject.support.SubjectCallable.doCall(SubjectCallable.java:90)
	at org.apache.shiro.subject.support.SubjectCallable.call(SubjectCallable.java:83)
	at org.apache.shiro.subject.support.DelegatingSubject.execute(DelegatingSubject.java:387)
	at org.apache.shiro.web.servlet.AbstractShiroFilter.doFilterInternal(AbstractShiroFilter.java:362)
	at org.apache.shiro.web.servlet.OncePerRequestFilter.doFilter(OncePerRequestFilter.java:125)
	at org.springframework.web.filter.DelegatingFilterProxy.invokeDelegate(DelegatingFilterProxy.java:358)
	at org.springframework.web.filter.DelegatingFilterProxy.doFilter(DelegatingFilterProxy.java:271)
	at org.apache.catalina.core.ApplicationFilterChain.internalDoFilter(ApplicationFilterChain.java:193)
	at org.apache.catalina.core.ApplicationFilterChain.doFilter(ApplicationFilterChain.java:166)
	at org.springframework.web.filter.RequestContextFilter.doFilterInternal(RequestContextFilter.java:100)
	at org.springframework.web.filter.OncePerRequestFilter.doFilter(OncePerRequestFilter.java:119)
	at org.apache.catalina.core.ApplicationFilterChain.internalDoFilter(ApplicationFilterChain.java:193)
	at org.apache.catalina.core.ApplicationFilterChain.doFilter(ApplicationFilterChain.java:166)
	at org.springframework.web.filter.FormContentFilter.doFilterInternal(FormContentFilter.java:93)
	at org.springframework.web.filter.OncePerRequestFilter.doFilter(OncePerRequestFilter.java:119)
	at org.apache.catalina.core.ApplicationFilterChain.internalDoFilter(ApplicationFilterChain.java:193)
	at org.apache.catalina.core.ApplicationFilterChain.doFilter(ApplicationFilterChain.java:166)
	at org.springframework.web.filter.CharacterEncodingFilter.doFilterInternal(CharacterEncodingFilter.java:201)
	at org.springframework.web.filter.OncePerRequestFilter.doFilter(OncePerRequestFilter.java:119)
	at org.apache.catalina.core.ApplicationFilterChain.internalDoFilter(ApplicationFilterChain.java:193)
	at org.apache.catalina.core.ApplicationFilterChain.doFilter(ApplicationFilterChain.java:166)
	at org.apache.catalina.core.StandardWrapperValve.invoke(StandardWrapperValve.java:202)
	at org.apache.catalina.core.StandardContextValve.invoke(StandardContextValve.java:96)
	at org.apache.catalina.authenticator.AuthenticatorBase.invoke(AuthenticatorBase.java:541)
	at org.apache.catalina.core.StandardHostValve.invoke(StandardHostValve.java:139)
	at org.apache.catalina.valves.ErrorReportValve.invoke(ErrorReportValve.java:92)
	at org.apache.catalina.core.StandardEngineValve.invoke(StandardEngineValve.java:74)
	at org.apache.catalina.connector.CoyoteAdapter.service(CoyoteAdapter.java:343)
	at org.apache.coyote.http11.Http11Processor.service(Http11Processor.java:367)
	at org.apache.coyote.AbstractProcessorLight.process(AbstractProcessorLight.java:65)
	at org.apache.coyote.AbstractProtocol$ConnectionHandler.process(AbstractProtocol.java:868)
	at org.apache.tomcat.util.net.NioEndpoint$SocketProcessor.doRun(NioEndpoint.java:1639)
	at org.apache.tomcat.util.net.SocketProcessorBase.run(SocketProcessorBase.java:49)
	at java.util.concurrent.ThreadPoolExecutor.runWorker(ThreadPoolExecutor.java:1149)
	at java.util.concurrent.ThreadPoolExecutor$Worker.run(ThreadPoolExecutor.java:624)
	at org.apache.tomcat.util.threads.TaskThread$WrappingRunnable.run(TaskThread.java:61)
	at java.lang.Thread.run(Thread.java:748)
Caused by: org.attoparser.ParseException: Exception evaluating SpringEL expression: "session.user.avatar" (template: "admin/navigation" - line 17, col 86)
	at org.attoparser.MarkupParser.parseDocument(MarkupParser.java:393)
	at org.attoparser.MarkupParser.parse(MarkupParser.java:257)
	at org.thymeleaf.templateparser.markup.AbstractMarkupTemplateParser.parse(AbstractMarkupTemplateParser.java:230)
	... 71 common frames omitted
Caused by: org.thymeleaf.exceptions.TemplateProcessingException: Exception evaluating SpringEL expression: "session.user.avatar" (template: "admin/navigation" - line 17, col 86)
	at org.thymeleaf.spring5.expression.SPELVariableExpressionEvaluator.evaluate(SPELVariableExpressionEvaluator.java:290)
	at org.thymeleaf.standard.expression.VariableExpression.executeVariableExpression(VariableExpression.java:166)
	at org.thymeleaf.standard.expression.SimpleExpression.executeSimple(SimpleExpression.java:66)
	at org.thymeleaf.standard.expression.Expression.execute(Expression.java:109)
	at org.thymeleaf.standard.expression.Expression.execute(Expression.java:138)
	at org.thymeleaf.standard.processor.AbstractStandardExpressionAttributeTagProcessor.doProcess(AbstractStandardExpressionAttributeTagProcessor.java:144)
	at org.thymeleaf.processor.element.AbstractAttributeTagProcessor.doProcess(AbstractAttributeTagProcessor.java:74)
	at org.thymeleaf.processor.element.AbstractElementTagProcessor.process(AbstractElementTagProcessor.java:95)
	at org.thymeleaf.util.ProcessorConfigurationUtils$ElementTagProcessorWrapper.process(ProcessorConfigurationUtils.java:633)
	at org.thymeleaf.engine.ProcessorTemplateHandler.handleStandaloneElement(ProcessorTemplateHandler.java:918)
	at org.thymeleaf.engine.StandaloneElementTag.beHandled(StandaloneElementTag.java:228)
	at org.thymeleaf.engine.Model.process(Model.java:282)
	at org.thymeleaf.engine.ProcessorTemplateHandler.handleOpenElement(ProcessorTemplateHandler.java:1587)
	at org.thymeleaf.engine.TemplateHandlerAdapterMarkupHandler.handleOpenElementEnd(TemplateHandlerAdapterMarkupHandler.java:304)
	at org.thymeleaf.templateparser.markup.InlinedOutputExpressionMarkupHandler$InlineMarkupAdapterPreProcessorHandler.handleOpenElementEnd(InlinedOutputExpressionMarkupHandler.java:278)
	at org.thymeleaf.standard.inline.OutputExpressionInlinePreProcessorHandler.handleOpenElementEnd(OutputExpressionInlinePreProcessorHandler.java:186)
	at org.thymeleaf.templateparser.markup.InlinedOutputExpressionMarkupHandler.handleOpenElementEnd(InlinedOutputExpressionMarkupHandler.java:124)
	at org.attoparser.HtmlElement.handleOpenElementEnd(HtmlElement.java:109)
	at org.attoparser.HtmlMarkupHandler.handleOpenElementEnd(HtmlMarkupHandler.java:297)
	at org.attoparser.MarkupEventProcessorHandler.handleOpenElementEnd(MarkupEventProcessorHandler.java:402)
	at org.attoparser.ParsingElementMarkupUtil.parseOpenElement(ParsingElementMarkupUtil.java:159)
	at org.attoparser.MarkupParser.parseBuffer(MarkupParser.java:710)
	at org.attoparser.MarkupParser.parseDocument(MarkupParser.java:301)
	... 73 common frames omitted
Caused by: org.springframework.expression.spel.SpelEvaluationException: EL1007E: Property or field 'avatar' cannot be found on null
	at org.springframework.expression.spel.ast.PropertyOrFieldReference.readProperty(PropertyOrFieldReference.java:213)
	at org.springframework.expression.spel.ast.PropertyOrFieldReference.getValueInternal(PropertyOrFieldReference.java:104)
	at org.springframework.expression.spel.ast.PropertyOrFieldReference.access$000(PropertyOrFieldReference.java:51)
	at org.springframework.expression.spel.ast.PropertyOrFieldReference$AccessorLValue.getValue(PropertyOrFieldReference.java:406)
	at org.springframework.expression.spel.ast.CompoundExpression.getValueInternal(CompoundExpression.java:92)
	at org.springframework.expression.spel.ast.SpelNodeImpl.getValue(SpelNodeImpl.java:112)
	at org.springframework.expression.spel.standard.SpelExpression.getValue(SpelExpression.java:337)
	at org.thymeleaf.spring5.expression.SPELVariableExpressionEvaluator.evaluate(SPELVariableExpressionEvaluator.java:263)
	... 95 common frames omitted

2021-08-05 11:07:32.535 ERROR 24048 --- [http-nio-18084-exec-9] o.a.c.c.C.[.[.[/].[dispatcherServlet]    : Servlet.service() for servlet [dispatcherServlet] in context with path [] threw exception [Request processing failed; nested exception is org.thymeleaf.exceptions.TemplateInputException: An error happened during template parsing (template: "class path resource [templates/admin/index.html]")] with root cause

org.springframework.expression.spel.SpelEvaluationException: EL1007E: Property or field 'avatar' cannot be found on null
	at org.springframework.expression.spel.ast.PropertyOrFieldReference.readProperty(PropertyOrFieldReference.java:213)
	at org.springframework.expression.spel.ast.PropertyOrFieldReference.getValueInternal(PropertyOrFieldReference.java:104)
	at org.springframework.expression.spel.ast.PropertyOrFieldReference.access$000(PropertyOrFieldReference.java:51)
	at org.springframework.expression.spel.ast.PropertyOrFieldReference$AccessorLValue.getValue(PropertyOrFieldReference.java:406)
	at org.springframework.expression.spel.ast.CompoundExpression.getValueInternal(CompoundExpression.java:92)
	at org.springframework.expression.spel.ast.SpelNodeImpl.getValue(SpelNodeImpl.java:112)
	at org.springframework.expression.spel.standard.SpelExpression.getValue(SpelExpression.java:337)
	at org.thymeleaf.spring5.expression.SPELVariableExpressionEvaluator.evaluate(SPELVariableExpressionEvaluator.java:263)
	at org.thymeleaf.standard.expression.VariableExpression.executeVariableExpression(VariableExpression.java:166)
	at org.thymeleaf.standard.expression.SimpleExpression.executeSimple(SimpleExpression.java:66)
	at org.thymeleaf.standard.expression.Expression.execute(Expression.java:109)
	at org.thymeleaf.standard.expression.Expression.execute(Expression.java:138)
	at org.thymeleaf.standard.processor.AbstractStandardExpressionAttributeTagProcessor.doProcess(AbstractStandardExpressionAttributeTagProcessor.java:144)
	at org.thymeleaf.processor.element.AbstractAttributeTagProcessor.doProcess(AbstractAttributeTagProcessor.java:74)
	at org.thymeleaf.processor.element.AbstractElementTagProcessor.process(AbstractElementTagProcessor.java:95)
	at org.thymeleaf.util.ProcessorConfigurationUtils$ElementTagProcessorWrapper.process(ProcessorConfigurationUtils.java:633)
	at org.thymeleaf.engine.ProcessorTemplateHandler.handleStandaloneElement(ProcessorTemplateHandler.java:918)
	at org.thymeleaf.engine.StandaloneElementTag.beHandled(StandaloneElementTag.java:228)
	at org.thymeleaf.engine.Model.process(Model.java:282)
	at org.thymeleaf.engine.ProcessorTemplateHandler.handleOpenElement(ProcessorTemplateHandler.java:1587)
	at org.thymeleaf.engine.TemplateHandlerAdapterMarkupHandler.handleOpenElementEnd(TemplateHandlerAdapterMarkupHandler.java:304)
	at org.thymeleaf.templateparser.markup.InlinedOutputExpressionMarkupHandler$InlineMarkupAdapterPreProcessorHandler.handleOpenElementEnd(InlinedOutputExpressionMarkupHandler.java:278)
	at org.thymeleaf.standard.inline.OutputExpressionInlinePreProcessorHandler.handleOpenElementEnd(OutputExpressionInlinePreProcessorHandler.java:186)
	at org.thymeleaf.templateparser.markup.InlinedOutputExpressionMarkupHandler.handleOpenElementEnd(InlinedOutputExpressionMarkupHandler.java:124)
	at org.attoparser.HtmlElement.handleOpenElementEnd(HtmlElement.java:109)
	at org.attoparser.HtmlMarkupHandler.handleOpenElementEnd(HtmlMarkupHandler.java:297)
	at org.attoparser.MarkupEventProcessorHandler.handleOpenElementEnd(MarkupEventProcessorHandler.java:402)
	at org.attoparser.ParsingElementMarkupUtil.parseOpenElement(ParsingElementMarkupUtil.java:159)
	at org.attoparser.MarkupParser.parseBuffer(MarkupParser.java:710)
	at org.attoparser.MarkupParser.parseDocument(MarkupParser.java:301)
	at org.attoparser.MarkupParser.parse(MarkupParser.java:257)
	at org.thymeleaf.templateparser.markup.AbstractMarkupTemplateParser.parse(AbstractMarkupTemplateParser.java:230)
	at org.thymeleaf.templateparser.markup.AbstractMarkupTemplateParser.parseStandalone(AbstractMarkupTemplateParser.java:100)
	at org.thymeleaf.engine.TemplateManager.parseAndProcess(TemplateManager.java:666)
	at org.thymeleaf.TemplateEngine.process(TemplateEngine.java:1098)
	at org.thymeleaf.TemplateEngine.process(TemplateEngine.java:1072)
	at org.thymeleaf.spring5.view.ThymeleafView.renderFragment(ThymeleafView.java:362)
	at org.thymeleaf.spring5.view.ThymeleafView.render(ThymeleafView.java:189)
	at org.springframework.web.servlet.DispatcherServlet.render(DispatcherServlet.java:1373)
	at org.springframework.web.servlet.DispatcherServlet.processDispatchResult(DispatcherServlet.java:1118)
	at org.springframework.web.servlet.DispatcherServlet.doDispatch(DispatcherServlet.java:1057)
	at org.springframework.web.servlet.DispatcherServlet.doService(DispatcherServlet.java:943)
	at org.springframework.web.servlet.FrameworkServlet.processRequest(FrameworkServlet.java:1006)
	at org.springframework.web.servlet.FrameworkServlet.doGet(FrameworkServlet.java:898)
	at javax.servlet.http.HttpServlet.service(HttpServlet.java:634)
	at org.springframework.web.servlet.FrameworkServlet.service(FrameworkServlet.java:883)
	at javax.servlet.http.HttpServlet.service(HttpServlet.java:741)
	at org.apache.catalina.core.ApplicationFilterChain.internalDoFilter(ApplicationFilterChain.java:231)
	at org.apache.catalina.core.ApplicationFilterChain.doFilter(ApplicationFilterChain.java:166)
	at org.apache.tomcat.websocket.server.WsFilter.doFilter(WsFilter.java:53)
	at org.apache.catalina.core.ApplicationFilterChain.internalDoFilter(ApplicationFilterChain.java:193)
	at org.apache.catalina.core.ApplicationFilterChain.doFilter(ApplicationFilterChain.java:166)
	at org.apache.shiro.web.servlet.OncePerRequestFilter.doFilter(OncePerRequestFilter.java:112)
	at org.apache.catalina.core.ApplicationFilterChain.internalDoFilter(ApplicationFilterChain.java:193)
	at org.apache.catalina.core.ApplicationFilterChain.doFilter(ApplicationFilterChain.java:166)
	at org.apache.shiro.web.servlet.ProxiedFilterChain.doFilter(ProxiedFilterChain.java:61)
	at org.apache.shiro.web.servlet.AdviceFilter.executeChain(AdviceFilter.java:108)
	at org.apache.shiro.web.servlet.AdviceFilter.doFilterInternal(AdviceFilter.java:137)
	at org.apache.shiro.web.servlet.OncePerRequestFilter.doFilter(OncePerRequestFilter.java:125)
	at org.apache.shiro.web.servlet.ProxiedFilterChain.doFilter(ProxiedFilterChain.java:66)
	at org.apache.shiro.web.servlet.AdviceFilter.executeChain(AdviceFilter.java:108)
	at org.apache.shiro.web.servlet.AdviceFilter.doFilterInternal(AdviceFilter.java:137)
	at org.apache.shiro.web.servlet.OncePerRequestFilter.doFilter(OncePerRequestFilter.java:125)
	at org.apache.shiro.web.servlet.ProxiedFilterChain.doFilter(ProxiedFilterChain.java:66)
	at org.apache.shiro.web.servlet.AbstractShiroFilter.executeChain(AbstractShiroFilter.java:450)
	at org.apache.shiro.web.servlet.AbstractShiroFilter$1.call(AbstractShiroFilter.java:365)
	at org.apache.shiro.subject.support.SubjectCallable.doCall(SubjectCallable.java:90)
	at org.apache.shiro.subject.support.SubjectCallable.call(SubjectCallable.java:83)
	at org.apache.shiro.subject.support.DelegatingSubject.execute(DelegatingSubject.java:387)
	at org.apache.shiro.web.servlet.AbstractShiroFilter.doFilterInternal(AbstractShiroFilter.java:362)
	at org.apache.shiro.web.servlet.OncePerRequestFilter.doFilter(OncePerRequestFilter.java:125)
	at org.springframework.web.filter.DelegatingFilterProxy.invokeDelegate(DelegatingFilterProxy.java:358)
	at org.springframework.web.filter.DelegatingFilterProxy.doFilter(DelegatingFilterProxy.java:271)
	at org.apache.catalina.core.ApplicationFilterChain.internalDoFilter(ApplicationFilterChain.java:193)
	at org.apache.catalina.core.ApplicationFilterChain.doFilter(ApplicationFilterChain.java:166)
	at org.springframework.web.filter.RequestContextFilter.doFilterInternal(RequestContextFilter.java:100)
	at org.springframework.web.filter.OncePerRequestFilter.doFilter(OncePerRequestFilter.java:119)
	at org.apache.catalina.core.ApplicationFilterChain.internalDoFilter(ApplicationFilterChain.java:193)
	at org.apache.catalina.core.ApplicationFilterChain.doFilter(ApplicationFilterChain.java:166)
	at org.springframework.web.filter.FormContentFilter.doFilterInternal(FormContentFilter.java:93)
	at org.springframework.web.filter.OncePerRequestFilter.doFilter(OncePerRequestFilter.java:119)
	at org.apache.catalina.core.ApplicationFilterChain.internalDoFilter(ApplicationFilterChain.java:193)
	at org.apache.catalina.core.ApplicationFilterChain.doFilter(ApplicationFilterChain.java:166)
	at org.springframework.web.filter.CharacterEncodingFilter.doFilterInternal(CharacterEncodingFilter.java:201)
	at org.springframework.web.filter.OncePerRequestFilter.doFilter(OncePerRequestFilter.java:119)
	at org.apache.catalina.core.ApplicationFilterChain.internalDoFilter(ApplicationFilterChain.java:193)
	at org.apache.catalina.core.ApplicationFilterChain.doFilter(ApplicationFilterChain.java:166)
	at org.apache.catalina.core.StandardWrapperValve.invoke(StandardWrapperValve.java:202)
	at org.apache.catalina.core.StandardContextValve.invoke(StandardContextValve.java:96)
	at org.apache.catalina.authenticator.AuthenticatorBase.invoke(AuthenticatorBase.java:541)
	at org.apache.catalina.core.StandardHostValve.invoke(StandardHostValve.java:139)
	at org.apache.catalina.valves.ErrorReportValve.invoke(ErrorReportValve.java:92)
	at org.apache.catalina.core.StandardEngineValve.invoke(StandardEngineValve.java:74)
	at org.apache.catalina.connector.CoyoteAdapter.service(CoyoteAdapter.java:343)
	at org.apache.coyote.http11.Http11Processor.service(Http11Processor.java:367)
	at org.apache.coyote.AbstractProcessorLight.process(AbstractProcessorLight.java:65)
	at org.apache.coyote.AbstractProtocol$ConnectionHandler.process(AbstractProtocol.java:868)
	at org.apache.tomcat.util.net.NioEndpoint$SocketProcessor.doRun(NioEndpoint.java:1639)
	at org.apache.tomcat.util.net.SocketProcessorBase.run(SocketProcessorBase.java:49)
	at java.util.concurrent.ThreadPoolExecutor.runWorker(ThreadPoolExecutor.java:1149)
	at java.util.concurrent.ThreadPoolExecutor$Worker.run(ThreadPoolExecutor.java:624)
	at org.apache.tomcat.util.threads.TaskThread$WrappingRunnable.run(TaskThread.java:61)
	at java.lang.Thread.run(Thread.java:748)

2021-08-05 11:07:34.005  INFO 24048 --- [http-nio-18084-exec-5] com.star.aspect.LogAspect                : Request : {url='http://localhost:18084/', ip='0:0:0:0:0:0:0:1', classMethod='com.star.controller.IndexController.index', args=[{}, 1, {}]}
2021-08-05 11:07:34.075 DEBUG 24048 --- [http-nio-18084-exec-5] c.s.dao.BlogDao.getFirstPageBlog_COUNT   : ==>  Preparing: SELECT count(0) FROM myblog.t_blog b, myblog.t_type t, myblog.t_user u WHERE b.type_id = t.id AND u.id = b.user_id 
2021-08-05 11:07:34.076 DEBUG 24048 --- [http-nio-18084-exec-5] c.s.dao.BlogDao.getFirstPageBlog_COUNT   : ==> Parameters: 
2021-08-05 11:07:34.119 DEBUG 24048 --- [http-nio-18084-exec-5] c.s.dao.BlogDao.getFirstPageBlog_COUNT   : <==      Total: 1
2021-08-05 11:07:34.126 DEBUG 24048 --- [http-nio-18084-exec-5] com.star.dao.BlogDao.getFirstPageBlog    : ==>  Preparing: select b.id,b.title,b.first_picture, b.views, b.comment_count,b.update_time,b.description, t.name , u.nickname, u.avatar from myblog.t_blog b, myblog.t_type t,myblog.t_user u where b.type_id = t.id and u.id = b.user_id order by b.update_time desc LIMIT ? 
2021-08-05 11:07:34.127 DEBUG 24048 --- [http-nio-18084-exec-5] com.star.dao.BlogDao.getFirstPageBlog    : ==> Parameters: 10(Integer)
2021-08-05 11:07:34.173 DEBUG 24048 --- [http-nio-18084-exec-5] com.star.dao.BlogDao.getFirstPageBlog    : <==      Total: 10
2021-08-05 11:07:34.175 DEBUG 24048 --- [http-nio-18084-exec-5] c.star.dao.BlogDao.getAllRecommendBlog   : ==>  Preparing: select * from myblog.t_blog where t_blog.recommend = true order by t_blog.update_time desc limit 4; 
2021-08-05 11:07:34.176 DEBUG 24048 --- [http-nio-18084-exec-5] c.star.dao.BlogDao.getAllRecommendBlog   : ==> Parameters: 
2021-08-05 11:07:34.344 DEBUG 24048 --- [http-nio-18084-exec-5] c.star.dao.BlogDao.getAllRecommendBlog   : <==      Total: 4
2021-08-05 11:07:34.345  INFO 24048 --- [http-nio-18084-exec-5] com.star.aspect.LogAspect                : Result : index
2021-08-05 11:07:34.608  INFO 24048 --- [http-nio-18084-exec-5] com.star.aspect.LogAspect                : Request : {url='http://localhost:18084/footer/blogmessage', ip='0:0:0:0:0:0:0:1', classMethod='com.star.controller.IndexController.blogMessage', args=[{}]}
2021-08-05 11:07:34.610 DEBUG 24048 --- [http-nio-18084-exec-5] com.star.dao.BlogDao.getBlogTotal        : ==>  Preparing: select count(*) from myblog.t_blog 
2021-08-05 11:07:34.610 DEBUG 24048 --- [http-nio-18084-exec-5] com.star.dao.BlogDao.getBlogTotal        : ==> Parameters: 
2021-08-05 11:07:34.653 DEBUG 24048 --- [http-nio-18084-exec-5] com.star.dao.BlogDao.getBlogTotal        : <==      Total: 1
2021-08-05 11:07:34.654 DEBUG 24048 --- [http-nio-18084-exec-5] com.star.dao.BlogDao.getBlogViewTotal    : ==>  Preparing: select sum(views) from myblog.t_blog 
2021-08-05 11:07:34.654 DEBUG 24048 --- [http-nio-18084-exec-5] com.star.dao.BlogDao.getBlogViewTotal    : ==> Parameters: 
2021-08-05 11:07:34.693 DEBUG 24048 --- [http-nio-18084-exec-5] com.star.dao.BlogDao.getBlogViewTotal    : <==      Total: 1
2021-08-05 11:07:34.694 DEBUG 24048 --- [http-nio-18084-exec-5] c.star.dao.BlogDao.getBlogCommentTotal   : ==>  Preparing: select count(*) from myblog.t_comment 
2021-08-05 11:07:34.695 DEBUG 24048 --- [http-nio-18084-exec-5] c.star.dao.BlogDao.getBlogCommentTotal   : ==> Parameters: 
2021-08-05 11:07:34.734 DEBUG 24048 --- [http-nio-18084-exec-5] c.star.dao.BlogDao.getBlogCommentTotal   : <==      Total: 1
2021-08-05 11:07:34.735 DEBUG 24048 --- [http-nio-18084-exec-5] c.star.dao.BlogDao.getBlogMessageTotal   : ==>  Preparing: select count(*) from myblog.t_message 
2021-08-05 11:07:34.735 DEBUG 24048 --- [http-nio-18084-exec-5] c.star.dao.BlogDao.getBlogMessageTotal   : ==> Parameters: 
2021-08-05 11:07:34.774 DEBUG 24048 --- [http-nio-18084-exec-5] c.star.dao.BlogDao.getBlogMessageTotal   : <==      Total: 1
2021-08-05 11:07:34.774  INFO 24048 --- [http-nio-18084-exec-5] com.star.aspect.LogAspect                : Result : admin/footer :: blogMessage
2021-08-05 11:14:23.675  INFO 24048 --- [SpringContextShutdownHook] o.s.s.concurrent.ThreadPoolTaskExecutor  : Shutting down ExecutorService 'applicationTaskExecutor'
2021-08-05 11:14:23.677  INFO 24048 --- [SpringContextShutdownHook] com.zaxxer.hikari.HikariDataSource       : HikariPool-1 - Shutdown initiated...
2021-08-05 11:14:23.684  INFO 24048 --- [SpringContextShutdownHook] com.zaxxer.hikari.HikariDataSource       : HikariPool-1 - Shutdown completed.
2021-08-05 11:14:35.853  INFO 28820 --- [restartedMain] com.star.MyblogApplication               : Starting MyblogApplication on ccyy with PID 28820 (/home/ccyy/IdeaProjects/myblog/target/classes started by ccyy in /home/ccyy/IdeaProjects/myblog)
2021-08-05 11:14:35.857 DEBUG 28820 --- [restartedMain] com.star.MyblogApplication               : Running with Spring Boot v2.2.5.RELEASE, Spring v5.2.4.RELEASE
2021-08-05 11:14:35.858  INFO 28820 --- [restartedMain] com.star.MyblogApplication               : No active profile set, falling back to default profiles: default
2021-08-05 11:14:35.977  INFO 28820 --- [restartedMain] .e.DevToolsPropertyDefaultsPostProcessor : Devtools property defaults active! Set 'spring.devtools.add-properties' to 'false' to disable
2021-08-05 11:14:35.977  INFO 28820 --- [restartedMain] .e.DevToolsPropertyDefaultsPostProcessor : For additional web related logging consider setting the 'logging.level.web' property to 'DEBUG'
2021-08-05 11:14:37.158  INFO 28820 --- [restartedMain] trationDelegate$BeanPostProcessorChecker : Bean 'shiroConfig' of type [com.star.shiro.ShiroConfig$$EnhancerBySpringCGLIB$$9a1bdb1] is not eligible for getting processed by all BeanPostProcessors (for example: not eligible for auto-proxying)
2021-08-05 11:14:37.295  INFO 28820 --- [restartedMain] trationDelegate$BeanPostProcessorChecker : Bean 'mybatis-org.mybatis.spring.boot.autoconfigure.MybatisProperties' of type [org.mybatis.spring.boot.autoconfigure.MybatisProperties] is not eligible for getting processed by all BeanPostProcessors (for example: not eligible for auto-proxying)
2021-08-05 11:14:37.304  INFO 28820 --- [restartedMain] trationDelegate$BeanPostProcessorChecker : Bean 'org.mybatis.spring.boot.autoconfigure.MybatisAutoConfiguration' of type [org.mybatis.spring.boot.autoconfigure.MybatisAutoConfiguration$$EnhancerBySpringCGLIB$$daabef35] is not eligible for getting processed by all BeanPostProcessors (for example: not eligible for auto-proxying)
2021-08-05 11:14:37.308  INFO 28820 --- [restartedMain] trationDelegate$BeanPostProcessorChecker : Bean 'org.springframework.boot.autoconfigure.jdbc.DataSourceConfiguration$Hikari' of type [org.springframework.boot.autoconfigure.jdbc.DataSourceConfiguration$Hikari] is not eligible for getting processed by all BeanPostProcessors (for example: not eligible for auto-proxying)
2021-08-05 11:14:37.317  INFO 28820 --- [restartedMain] trationDelegate$BeanPostProcessorChecker : Bean 'spring.datasource-org.springframework.boot.autoconfigure.jdbc.DataSourceProperties' of type [org.springframework.boot.autoconfigure.jdbc.DataSourceProperties] is not eligible for getting processed by all BeanPostProcessors (for example: not eligible for auto-proxying)
2021-08-05 11:14:37.346  INFO 28820 --- [restartedMain] trationDelegate$BeanPostProcessorChecker : Bean 'dataSource' of type [com.zaxxer.hikari.HikariDataSource] is not eligible for getting processed by all BeanPostProcessors (for example: not eligible for auto-proxying)
2021-08-05 11:14:37.557  INFO 28820 --- [restartedMain] trationDelegate$BeanPostProcessorChecker : Bean 'sqlSessionFactory' of type [org.apache.ibatis.session.defaults.DefaultSqlSessionFactory] is not eligible for getting processed by all BeanPostProcessors (for example: not eligible for auto-proxying)
2021-08-05 11:14:37.562  INFO 28820 --- [restartedMain] trationDelegate$BeanPostProcessorChecker : Bean 'sqlSessionTemplate' of type [org.mybatis.spring.SqlSessionTemplate] is not eligible for getting processed by all BeanPostProcessors (for example: not eligible for auto-proxying)
2021-08-05 11:14:37.563  INFO 28820 --- [restartedMain] trationDelegate$BeanPostProcessorChecker : Bean 'userDao' of type [org.mybatis.spring.mapper.MapperFactoryBean] is not eligible for getting processed by all BeanPostProcessors (for example: not eligible for auto-proxying)
2021-08-05 11:14:37.564  INFO 28820 --- [restartedMain] trationDelegate$BeanPostProcessorChecker : Bean 'userDao' of type [com.sun.proxy.$Proxy66] is not eligible for getting processed by all BeanPostProcessors (for example: not eligible for auto-proxying)
2021-08-05 11:14:37.565  INFO 28820 --- [restartedMain] trationDelegate$BeanPostProcessorChecker : Bean 'userServiceImpl' of type [com.star.service.Impl.UserServiceImpl] is not eligible for getting processed by all BeanPostProcessors (for example: not eligible for auto-proxying)
2021-08-05 11:14:37.565  INFO 28820 --- [restartedMain] trationDelegate$BeanPostProcessorChecker : Bean 'myShiroRealm' of type [com.star.shiro.CustomRealm] is not eligible for getting processed by all BeanPostProcessors (for example: not eligible for auto-proxying)
2021-08-05 11:14:37.758  INFO 28820 --- [restartedMain] trationDelegate$BeanPostProcessorChecker : Bean 'securityManager' of type [org.apache.shiro.web.mgt.DefaultWebSecurityManager] is not eligible for getting processed by all BeanPostProcessors (for example: not eligible for auto-proxying)
2021-08-05 11:14:37.804  INFO 28820 --- [restartedMain] trationDelegate$BeanPostProcessorChecker : Bean 'authorizationAttributeSourceAdvisor' of type [org.apache.shiro.spring.security.interceptor.AuthorizationAttributeSourceAdvisor] is not eligible for getting processed by all BeanPostProcessors (for example: not eligible for auto-proxying)
2021-08-05 11:14:38.346  INFO 28820 --- [restartedMain] o.s.b.w.embedded.tomcat.TomcatWebServer  : Tomcat initialized with port(s): 18084 (http)
2021-08-05 11:14:38.355  INFO 28820 --- [restartedMain] o.apache.catalina.core.StandardService   : Starting service [Tomcat]
2021-08-05 11:14:38.355  INFO 28820 --- [restartedMain] org.apache.catalina.core.StandardEngine  : Starting Servlet engine: [Apache Tomcat/9.0.31]
2021-08-05 11:14:38.414  INFO 28820 --- [restartedMain] o.a.c.c.C.[Tomcat].[localhost].[/]       : Initializing Spring embedded WebApplicationContext
2021-08-05 11:14:38.414  INFO 28820 --- [restartedMain] o.s.web.context.ContextLoader            : Root WebApplicationContext: initialization completed in 2436 ms
2021-08-05 11:14:39.066  INFO 28820 --- [restartedMain] o.s.s.concurrent.ThreadPoolTaskExecutor  : Initializing ExecutorService 'applicationTaskExecutor'
2021-08-05 11:14:39.221  INFO 28820 --- [restartedMain] o.s.b.a.w.s.WelcomePageHandlerMapping    : Adding welcome page template: index
2021-08-05 11:14:39.711  INFO 28820 --- [restartedMain] o.s.b.d.a.OptionalLiveReloadServer       : LiveReload server is running on port 35729
2021-08-05 11:14:39.764  INFO 28820 --- [restartedMain] o.s.b.w.embedded.tomcat.TomcatWebServer  : Tomcat started on port(s): 18084 (http) with context path ''
2021-08-05 11:14:39.768  INFO 28820 --- [restartedMain] com.star.MyblogApplication               : Started MyblogApplication in 4.596 seconds (JVM running for 5.546)
2021-08-05 11:14:55.144  INFO 28820 --- [http-nio-18084-exec-1] o.a.c.c.C.[Tomcat].[localhost].[/]       : Initializing Spring DispatcherServlet 'dispatcherServlet'
2021-08-05 11:14:55.145  INFO 28820 --- [http-nio-18084-exec-1] o.s.web.servlet.DispatcherServlet        : Initializing Servlet 'dispatcherServlet'
2021-08-05 11:14:55.163  INFO 28820 --- [http-nio-18084-exec-1] o.s.web.servlet.DispatcherServlet        : Completed initialization in 18 ms
2021-08-05 11:14:56.973  INFO 28820 --- [http-nio-18084-exec-4] com.zaxxer.hikari.HikariDataSource       : HikariPool-1 - Starting...
2021-08-05 11:14:58.117  INFO 28820 --- [http-nio-18084-exec-4] com.zaxxer.hikari.HikariDataSource       : HikariPool-1 - Start completed.
2021-08-05 11:14:58.124 DEBUG 28820 --- [http-nio-18084-exec-4] com.star.dao.UserDao.findByUsername      : ==>  Preparing: select * from myblog.t_user where username = ?; 
2021-08-05 11:14:58.146 DEBUG 28820 --- [http-nio-18084-exec-4] com.star.dao.UserDao.findByUsername      : ==> Parameters: ccyy(String)
2021-08-05 11:14:58.210 DEBUG 28820 --- [http-nio-18084-exec-4] com.star.dao.UserDao.findByUsername      : <==      Total: 1
2021-08-05 11:14:58.222 DEBUG 28820 --- [http-nio-18084-exec-4] com.star.dao.UserDao.findByUsername      : ==>  Preparing: select * from myblog.t_user where username = ?; 
2021-08-05 11:14:58.222 DEBUG 28820 --- [http-nio-18084-exec-4] com.star.dao.UserDao.findByUsername      : ==> Parameters: ccyy(String)
2021-08-05 11:14:58.259 DEBUG 28820 --- [http-nio-18084-exec-4] com.star.dao.UserDao.findByUsername      : <==      Total: 1
2021-08-05 11:14:58.445  INFO 28820 --- [http-nio-18084-exec-3] com.star.aspect.LogAspect                : Request : {url='http://localhost:18084/footer/blogmessage', ip='0:0:0:0:0:0:0:1', classMethod='com.star.controller.IndexController.blogMessage', args=[{}]}
2021-08-05 11:14:58.467 DEBUG 28820 --- [http-nio-18084-exec-3] com.star.dao.BlogDao.getBlogTotal        : ==>  Preparing: select count(*) from myblog.t_blog 
2021-08-05 11:14:58.468 DEBUG 28820 --- [http-nio-18084-exec-3] com.star.dao.BlogDao.getBlogTotal        : ==> Parameters: 
2021-08-05 11:14:58.508 DEBUG 28820 --- [http-nio-18084-exec-3] com.star.dao.BlogDao.getBlogTotal        : <==      Total: 1
2021-08-05 11:14:58.509 DEBUG 28820 --- [http-nio-18084-exec-3] com.star.dao.BlogDao.getBlogViewTotal    : ==>  Preparing: select sum(views) from myblog.t_blog 
2021-08-05 11:14:58.511 DEBUG 28820 --- [http-nio-18084-exec-3] com.star.dao.BlogDao.getBlogViewTotal    : ==> Parameters: 
2021-08-05 11:14:58.548 DEBUG 28820 --- [http-nio-18084-exec-3] com.star.dao.BlogDao.getBlogViewTotal    : <==      Total: 1
2021-08-05 11:14:58.551 DEBUG 28820 --- [http-nio-18084-exec-3] c.star.dao.BlogDao.getBlogCommentTotal   : ==>  Preparing: select count(*) from myblog.t_comment 
2021-08-05 11:14:58.552 DEBUG 28820 --- [http-nio-18084-exec-3] c.star.dao.BlogDao.getBlogCommentTotal   : ==> Parameters: 
2021-08-05 11:14:58.588 DEBUG 28820 --- [http-nio-18084-exec-3] c.star.dao.BlogDao.getBlogCommentTotal   : <==      Total: 1
2021-08-05 11:14:58.589 DEBUG 28820 --- [http-nio-18084-exec-3] c.star.dao.BlogDao.getBlogMessageTotal   : ==>  Preparing: select count(*) from myblog.t_message 
2021-08-05 11:14:58.591 DEBUG 28820 --- [http-nio-18084-exec-3] c.star.dao.BlogDao.getBlogMessageTotal   : ==> Parameters: 
2021-08-05 11:14:58.628 DEBUG 28820 --- [http-nio-18084-exec-3] c.star.dao.BlogDao.getBlogMessageTotal   : <==      Total: 1
2021-08-05 11:14:58.630  INFO 28820 --- [http-nio-18084-exec-3] com.star.aspect.LogAspect                : Result : admin/footer :: blogMessage
2021-08-05 11:15:08.300 ERROR 28820 --- [http-nio-18084-exec-9] org.thymeleaf.TemplateEngine             : [THYMELEAF][http-nio-18084-exec-9] Exception processing template "admin/index": An error happened during template parsing (template: "class path resource [templates/admin/index.html]")

org.thymeleaf.exceptions.TemplateInputException: An error happened during template parsing (template: "class path resource [templates/admin/index.html]")
	at org.thymeleaf.templateparser.markup.AbstractMarkupTemplateParser.parse(AbstractMarkupTemplateParser.java:241)
	at org.thymeleaf.templateparser.markup.AbstractMarkupTemplateParser.parseStandalone(AbstractMarkupTemplateParser.java:100)
	at org.thymeleaf.engine.TemplateManager.parseAndProcess(TemplateManager.java:666)
	at org.thymeleaf.TemplateEngine.process(TemplateEngine.java:1098)
	at org.thymeleaf.TemplateEngine.process(TemplateEngine.java:1072)
	at org.thymeleaf.spring5.view.ThymeleafView.renderFragment(ThymeleafView.java:362)
	at org.thymeleaf.spring5.view.ThymeleafView.render(ThymeleafView.java:189)
	at org.springframework.web.servlet.DispatcherServlet.render(DispatcherServlet.java:1373)
	at org.springframework.web.servlet.DispatcherServlet.processDispatchResult(DispatcherServlet.java:1118)
	at org.springframework.web.servlet.DispatcherServlet.doDispatch(DispatcherServlet.java:1057)
	at org.springframework.web.servlet.DispatcherServlet.doService(DispatcherServlet.java:943)
	at org.springframework.web.servlet.FrameworkServlet.processRequest(FrameworkServlet.java:1006)
	at org.springframework.web.servlet.FrameworkServlet.doGet(FrameworkServlet.java:898)
	at javax.servlet.http.HttpServlet.service(HttpServlet.java:634)
	at org.springframework.web.servlet.FrameworkServlet.service(FrameworkServlet.java:883)
	at javax.servlet.http.HttpServlet.service(HttpServlet.java:741)
	at org.apache.catalina.core.ApplicationFilterChain.internalDoFilter(ApplicationFilterChain.java:231)
	at org.apache.catalina.core.ApplicationFilterChain.doFilter(ApplicationFilterChain.java:166)
	at org.apache.tomcat.websocket.server.WsFilter.doFilter(WsFilter.java:53)
	at org.apache.catalina.core.ApplicationFilterChain.internalDoFilter(ApplicationFilterChain.java:193)
	at org.apache.catalina.core.ApplicationFilterChain.doFilter(ApplicationFilterChain.java:166)
	at org.apache.shiro.web.servlet.OncePerRequestFilter.doFilter(OncePerRequestFilter.java:112)
	at org.apache.catalina.core.ApplicationFilterChain.internalDoFilter(ApplicationFilterChain.java:193)
	at org.apache.catalina.core.ApplicationFilterChain.doFilter(ApplicationFilterChain.java:166)
	at org.apache.shiro.web.servlet.ProxiedFilterChain.doFilter(ProxiedFilterChain.java:61)
	at org.apache.shiro.web.servlet.AdviceFilter.executeChain(AdviceFilter.java:108)
	at org.apache.shiro.web.servlet.AdviceFilter.doFilterInternal(AdviceFilter.java:137)
	at org.apache.shiro.web.servlet.OncePerRequestFilter.doFilter(OncePerRequestFilter.java:125)
	at org.apache.shiro.web.servlet.ProxiedFilterChain.doFilter(ProxiedFilterChain.java:66)
	at org.apache.shiro.web.servlet.AdviceFilter.executeChain(AdviceFilter.java:108)
	at org.apache.shiro.web.servlet.AdviceFilter.doFilterInternal(AdviceFilter.java:137)
	at org.apache.shiro.web.servlet.OncePerRequestFilter.doFilter(OncePerRequestFilter.java:125)
	at org.apache.shiro.web.servlet.ProxiedFilterChain.doFilter(ProxiedFilterChain.java:66)
	at org.apache.shiro.web.servlet.AbstractShiroFilter.executeChain(AbstractShiroFilter.java:450)
	at org.apache.shiro.web.servlet.AbstractShiroFilter$1.call(AbstractShiroFilter.java:365)
	at org.apache.shiro.subject.support.SubjectCallable.doCall(SubjectCallable.java:90)
	at org.apache.shiro.subject.support.SubjectCallable.call(SubjectCallable.java:83)
	at org.apache.shiro.subject.support.DelegatingSubject.execute(DelegatingSubject.java:387)
	at org.apache.shiro.web.servlet.AbstractShiroFilter.doFilterInternal(AbstractShiroFilter.java:362)
	at org.apache.shiro.web.servlet.OncePerRequestFilter.doFilter(OncePerRequestFilter.java:125)
	at org.springframework.web.filter.DelegatingFilterProxy.invokeDelegate(DelegatingFilterProxy.java:358)
	at org.springframework.web.filter.DelegatingFilterProxy.doFilter(DelegatingFilterProxy.java:271)
	at org.apache.catalina.core.ApplicationFilterChain.internalDoFilter(ApplicationFilterChain.java:193)
	at org.apache.catalina.core.ApplicationFilterChain.doFilter(ApplicationFilterChain.java:166)
	at org.springframework.web.filter.RequestContextFilter.doFilterInternal(RequestContextFilter.java:100)
	at org.springframework.web.filter.OncePerRequestFilter.doFilter(OncePerRequestFilter.java:119)
	at org.apache.catalina.core.ApplicationFilterChain.internalDoFilter(ApplicationFilterChain.java:193)
	at org.apache.catalina.core.ApplicationFilterChain.doFilter(ApplicationFilterChain.java:166)
	at org.springframework.web.filter.FormContentFilter.doFilterInternal(FormContentFilter.java:93)
	at org.springframework.web.filter.OncePerRequestFilter.doFilter(OncePerRequestFilter.java:119)
	at org.apache.catalina.core.ApplicationFilterChain.internalDoFilter(ApplicationFilterChain.java:193)
	at org.apache.catalina.core.ApplicationFilterChain.doFilter(ApplicationFilterChain.java:166)
	at org.springframework.web.filter.CharacterEncodingFilter.doFilterInternal(CharacterEncodingFilter.java:201)
	at org.springframework.web.filter.OncePerRequestFilter.doFilter(OncePerRequestFilter.java:119)
	at org.apache.catalina.core.ApplicationFilterChain.internalDoFilter(ApplicationFilterChain.java:193)
	at org.apache.catalina.core.ApplicationFilterChain.doFilter(ApplicationFilterChain.java:166)
	at org.apache.catalina.core.StandardWrapperValve.invoke(StandardWrapperValve.java:202)
	at org.apache.catalina.core.StandardContextValve.invoke(StandardContextValve.java:96)
	at org.apache.catalina.authenticator.AuthenticatorBase.invoke(AuthenticatorBase.java:541)
	at org.apache.catalina.core.StandardHostValve.invoke(StandardHostValve.java:139)
	at org.apache.catalina.valves.ErrorReportValve.invoke(ErrorReportValve.java:92)
	at org.apache.catalina.core.StandardEngineValve.invoke(StandardEngineValve.java:74)
	at org.apache.catalina.connector.CoyoteAdapter.service(CoyoteAdapter.java:343)
	at org.apache.coyote.http11.Http11Processor.service(Http11Processor.java:367)
	at org.apache.coyote.AbstractProcessorLight.process(AbstractProcessorLight.java:65)
	at org.apache.coyote.AbstractProtocol$ConnectionHandler.process(AbstractProtocol.java:868)
	at org.apache.tomcat.util.net.NioEndpoint$SocketProcessor.doRun(NioEndpoint.java:1639)
	at org.apache.tomcat.util.net.SocketProcessorBase.run(SocketProcessorBase.java:49)
	at java.util.concurrent.ThreadPoolExecutor.runWorker(ThreadPoolExecutor.java:1149)
	at java.util.concurrent.ThreadPoolExecutor$Worker.run(ThreadPoolExecutor.java:624)
	at org.apache.tomcat.util.threads.TaskThread$WrappingRunnable.run(TaskThread.java:61)
	at java.lang.Thread.run(Thread.java:748)
Caused by: org.attoparser.ParseException: Exception evaluating SpringEL expression: "session.user.avatar" (template: "admin/navigation" - line 17, col 86)
	at org.attoparser.MarkupParser.parseDocument(MarkupParser.java:393)
	at org.attoparser.MarkupParser.parse(MarkupParser.java:257)
	at org.thymeleaf.templateparser.markup.AbstractMarkupTemplateParser.parse(AbstractMarkupTemplateParser.java:230)
	... 71 common frames omitted
Caused by: org.thymeleaf.exceptions.TemplateProcessingException: Exception evaluating SpringEL expression: "session.user.avatar" (template: "admin/navigation" - line 17, col 86)
	at org.thymeleaf.spring5.expression.SPELVariableExpressionEvaluator.evaluate(SPELVariableExpressionEvaluator.java:290)
	at org.thymeleaf.standard.expression.VariableExpression.executeVariableExpression(VariableExpression.java:166)
	at org.thymeleaf.standard.expression.SimpleExpression.executeSimple(SimpleExpression.java:66)
	at org.thymeleaf.standard.expression.Expression.execute(Expression.java:109)
	at org.thymeleaf.standard.expression.Expression.execute(Expression.java:138)
	at org.thymeleaf.standard.processor.AbstractStandardExpressionAttributeTagProcessor.doProcess(AbstractStandardExpressionAttributeTagProcessor.java:144)
	at org.thymeleaf.processor.element.AbstractAttributeTagProcessor.doProcess(AbstractAttributeTagProcessor.java:74)
	at org.thymeleaf.processor.element.AbstractElementTagProcessor.process(AbstractElementTagProcessor.java:95)
	at org.thymeleaf.util.ProcessorConfigurationUtils$ElementTagProcessorWrapper.process(ProcessorConfigurationUtils.java:633)
	at org.thymeleaf.engine.ProcessorTemplateHandler.handleStandaloneElement(ProcessorTemplateHandler.java:918)
	at org.thymeleaf.engine.StandaloneElementTag.beHandled(StandaloneElementTag.java:228)
	at org.thymeleaf.engine.Model.process(Model.java:282)
	at org.thymeleaf.engine.ProcessorTemplateHandler.handleOpenElement(ProcessorTemplateHandler.java:1587)
	at org.thymeleaf.engine.TemplateHandlerAdapterMarkupHandler.handleOpenElementEnd(TemplateHandlerAdapterMarkupHandler.java:304)
	at org.thymeleaf.templateparser.markup.InlinedOutputExpressionMarkupHandler$InlineMarkupAdapterPreProcessorHandler.handleOpenElementEnd(InlinedOutputExpressionMarkupHandler.java:278)
	at org.thymeleaf.standard.inline.OutputExpressionInlinePreProcessorHandler.handleOpenElementEnd(OutputExpressionInlinePreProcessorHandler.java:186)
	at org.thymeleaf.templateparser.markup.InlinedOutputExpressionMarkupHandler.handleOpenElementEnd(InlinedOutputExpressionMarkupHandler.java:124)
	at org.attoparser.HtmlElement.handleOpenElementEnd(HtmlElement.java:109)
	at org.attoparser.HtmlMarkupHandler.handleOpenElementEnd(HtmlMarkupHandler.java:297)
	at org.attoparser.MarkupEventProcessorHandler.handleOpenElementEnd(MarkupEventProcessorHandler.java:402)
	at org.attoparser.ParsingElementMarkupUtil.parseOpenElement(ParsingElementMarkupUtil.java:159)
	at org.attoparser.MarkupParser.parseBuffer(MarkupParser.java:710)
	at org.attoparser.MarkupParser.parseDocument(MarkupParser.java:301)
	... 73 common frames omitted
Caused by: org.springframework.expression.spel.SpelEvaluationException: EL1007E: Property or field 'avatar' cannot be found on null
	at org.springframework.expression.spel.ast.PropertyOrFieldReference.readProperty(PropertyOrFieldReference.java:213)
	at org.springframework.expression.spel.ast.PropertyOrFieldReference.getValueInternal(PropertyOrFieldReference.java:104)
	at org.springframework.expression.spel.ast.PropertyOrFieldReference.access$000(PropertyOrFieldReference.java:51)
	at org.springframework.expression.spel.ast.PropertyOrFieldReference$AccessorLValue.getValue(PropertyOrFieldReference.java:406)
	at org.springframework.expression.spel.ast.CompoundExpression.getValueInternal(CompoundExpression.java:92)
	at org.springframework.expression.spel.ast.SpelNodeImpl.getValue(SpelNodeImpl.java:112)
	at org.springframework.expression.spel.standard.SpelExpression.getValue(SpelExpression.java:337)
	at org.thymeleaf.spring5.expression.SPELVariableExpressionEvaluator.evaluate(SPELVariableExpressionEvaluator.java:263)
	... 95 common frames omitted

2021-08-05 11:15:08.305 ERROR 28820 --- [http-nio-18084-exec-9] o.a.c.c.C.[.[.[/].[dispatcherServlet]    : Servlet.service() for servlet [dispatcherServlet] in context with path [] threw exception [Request processing failed; nested exception is org.thymeleaf.exceptions.TemplateInputException: An error happened during template parsing (template: "class path resource [templates/admin/index.html]")] with root cause

org.springframework.expression.spel.SpelEvaluationException: EL1007E: Property or field 'avatar' cannot be found on null
	at org.springframework.expression.spel.ast.PropertyOrFieldReference.readProperty(PropertyOrFieldReference.java:213)
	at org.springframework.expression.spel.ast.PropertyOrFieldReference.getValueInternal(PropertyOrFieldReference.java:104)
	at org.springframework.expression.spel.ast.PropertyOrFieldReference.access$000(PropertyOrFieldReference.java:51)
	at org.springframework.expression.spel.ast.PropertyOrFieldReference$AccessorLValue.getValue(PropertyOrFieldReference.java:406)
	at org.springframework.expression.spel.ast.CompoundExpression.getValueInternal(CompoundExpression.java:92)
	at org.springframework.expression.spel.ast.SpelNodeImpl.getValue(SpelNodeImpl.java:112)
	at org.springframework.expression.spel.standard.SpelExpression.getValue(SpelExpression.java:337)
	at org.thymeleaf.spring5.expression.SPELVariableExpressionEvaluator.evaluate(SPELVariableExpressionEvaluator.java:263)
	at org.thymeleaf.standard.expression.VariableExpression.executeVariableExpression(VariableExpression.java:166)
	at org.thymeleaf.standard.expression.SimpleExpression.executeSimple(SimpleExpression.java:66)
	at org.thymeleaf.standard.expression.Expression.execute(Expression.java:109)
	at org.thymeleaf.standard.expression.Expression.execute(Expression.java:138)
	at org.thymeleaf.standard.processor.AbstractStandardExpressionAttributeTagProcessor.doProcess(AbstractStandardExpressionAttributeTagProcessor.java:144)
	at org.thymeleaf.processor.element.AbstractAttributeTagProcessor.doProcess(AbstractAttributeTagProcessor.java:74)
	at org.thymeleaf.processor.element.AbstractElementTagProcessor.process(AbstractElementTagProcessor.java:95)
	at org.thymeleaf.util.ProcessorConfigurationUtils$ElementTagProcessorWrapper.process(ProcessorConfigurationUtils.java:633)
	at org.thymeleaf.engine.ProcessorTemplateHandler.handleStandaloneElement(ProcessorTemplateHandler.java:918)
	at org.thymeleaf.engine.StandaloneElementTag.beHandled(StandaloneElementTag.java:228)
	at org.thymeleaf.engine.Model.process(Model.java:282)
	at org.thymeleaf.engine.ProcessorTemplateHandler.handleOpenElement(ProcessorTemplateHandler.java:1587)
	at org.thymeleaf.engine.TemplateHandlerAdapterMarkupHandler.handleOpenElementEnd(TemplateHandlerAdapterMarkupHandler.java:304)
	at org.thymeleaf.templateparser.markup.InlinedOutputExpressionMarkupHandler$InlineMarkupAdapterPreProcessorHandler.handleOpenElementEnd(InlinedOutputExpressionMarkupHandler.java:278)
	at org.thymeleaf.standard.inline.OutputExpressionInlinePreProcessorHandler.handleOpenElementEnd(OutputExpressionInlinePreProcessorHandler.java:186)
	at org.thymeleaf.templateparser.markup.InlinedOutputExpressionMarkupHandler.handleOpenElementEnd(InlinedOutputExpressionMarkupHandler.java:124)
	at org.attoparser.HtmlElement.handleOpenElementEnd(HtmlElement.java:109)
	at org.attoparser.HtmlMarkupHandler.handleOpenElementEnd(HtmlMarkupHandler.java:297)
	at org.attoparser.MarkupEventProcessorHandler.handleOpenElementEnd(MarkupEventProcessorHandler.java:402)
	at org.attoparser.ParsingElementMarkupUtil.parseOpenElement(ParsingElementMarkupUtil.java:159)
	at org.attoparser.MarkupParser.parseBuffer(MarkupParser.java:710)
	at org.attoparser.MarkupParser.parseDocument(MarkupParser.java:301)
	at org.attoparser.MarkupParser.parse(MarkupParser.java:257)
	at org.thymeleaf.templateparser.markup.AbstractMarkupTemplateParser.parse(AbstractMarkupTemplateParser.java:230)
	at org.thymeleaf.templateparser.markup.AbstractMarkupTemplateParser.parseStandalone(AbstractMarkupTemplateParser.java:100)
	at org.thymeleaf.engine.TemplateManager.parseAndProcess(TemplateManager.java:666)
	at org.thymeleaf.TemplateEngine.process(TemplateEngine.java:1098)
	at org.thymeleaf.TemplateEngine.process(TemplateEngine.java:1072)
	at org.thymeleaf.spring5.view.ThymeleafView.renderFragment(ThymeleafView.java:362)
	at org.thymeleaf.spring5.view.ThymeleafView.render(ThymeleafView.java:189)
	at org.springframework.web.servlet.DispatcherServlet.render(DispatcherServlet.java:1373)
	at org.springframework.web.servlet.DispatcherServlet.processDispatchResult(DispatcherServlet.java:1118)
	at org.springframework.web.servlet.DispatcherServlet.doDispatch(DispatcherServlet.java:1057)
	at org.springframework.web.servlet.DispatcherServlet.doService(DispatcherServlet.java:943)
	at org.springframework.web.servlet.FrameworkServlet.processRequest(FrameworkServlet.java:1006)
	at org.springframework.web.servlet.FrameworkServlet.doGet(FrameworkServlet.java:898)
	at javax.servlet.http.HttpServlet.service(HttpServlet.java:634)
	at org.springframework.web.servlet.FrameworkServlet.service(FrameworkServlet.java:883)
	at javax.servlet.http.HttpServlet.service(HttpServlet.java:741)
	at org.apache.catalina.core.ApplicationFilterChain.internalDoFilter(ApplicationFilterChain.java:231)
	at org.apache.catalina.core.ApplicationFilterChain.doFilter(ApplicationFilterChain.java:166)
	at org.apache.tomcat.websocket.server.WsFilter.doFilter(WsFilter.java:53)
	at org.apache.catalina.core.ApplicationFilterChain.internalDoFilter(ApplicationFilterChain.java:193)
	at org.apache.catalina.core.ApplicationFilterChain.doFilter(ApplicationFilterChain.java:166)
	at org.apache.shiro.web.servlet.OncePerRequestFilter.doFilter(OncePerRequestFilter.java:112)
	at org.apache.catalina.core.ApplicationFilterChain.internalDoFilter(ApplicationFilterChain.java:193)
	at org.apache.catalina.core.ApplicationFilterChain.doFilter(ApplicationFilterChain.java:166)
	at org.apache.shiro.web.servlet.ProxiedFilterChain.doFilter(ProxiedFilterChain.java:61)
	at org.apache.shiro.web.servlet.AdviceFilter.executeChain(AdviceFilter.java:108)
	at org.apache.shiro.web.servlet.AdviceFilter.doFilterInternal(AdviceFilter.java:137)
	at org.apache.shiro.web.servlet.OncePerRequestFilter.doFilter(OncePerRequestFilter.java:125)
	at org.apache.shiro.web.servlet.ProxiedFilterChain.doFilter(ProxiedFilterChain.java:66)
	at org.apache.shiro.web.servlet.AdviceFilter.executeChain(AdviceFilter.java:108)
	at org.apache.shiro.web.servlet.AdviceFilter.doFilterInternal(AdviceFilter.java:137)
	at org.apache.shiro.web.servlet.OncePerRequestFilter.doFilter(OncePerRequestFilter.java:125)
	at org.apache.shiro.web.servlet.ProxiedFilterChain.doFilter(ProxiedFilterChain.java:66)
	at org.apache.shiro.web.servlet.AbstractShiroFilter.executeChain(AbstractShiroFilter.java:450)
	at org.apache.shiro.web.servlet.AbstractShiroFilter$1.call(AbstractShiroFilter.java:365)
	at org.apache.shiro.subject.support.SubjectCallable.doCall(SubjectCallable.java:90)
	at org.apache.shiro.subject.support.SubjectCallable.call(SubjectCallable.java:83)
	at org.apache.shiro.subject.support.DelegatingSubject.execute(DelegatingSubject.java:387)
	at org.apache.shiro.web.servlet.AbstractShiroFilter.doFilterInternal(AbstractShiroFilter.java:362)
	at org.apache.shiro.web.servlet.OncePerRequestFilter.doFilter(OncePerRequestFilter.java:125)
	at org.springframework.web.filter.DelegatingFilterProxy.invokeDelegate(DelegatingFilterProxy.java:358)
	at org.springframework.web.filter.DelegatingFilterProxy.doFilter(DelegatingFilterProxy.java:271)
	at org.apache.catalina.core.ApplicationFilterChain.internalDoFilter(ApplicationFilterChain.java:193)
	at org.apache.catalina.core.ApplicationFilterChain.doFilter(ApplicationFilterChain.java:166)
	at org.springframework.web.filter.RequestContextFilter.doFilterInternal(RequestContextFilter.java:100)
	at org.springframework.web.filter.OncePerRequestFilter.doFilter(OncePerRequestFilter.java:119)
	at org.apache.catalina.core.ApplicationFilterChain.internalDoFilter(ApplicationFilterChain.java:193)
	at org.apache.catalina.core.ApplicationFilterChain.doFilter(ApplicationFilterChain.java:166)
	at org.springframework.web.filter.FormContentFilter.doFilterInternal(FormContentFilter.java:93)
	at org.springframework.web.filter.OncePerRequestFilter.doFilter(OncePerRequestFilter.java:119)
	at org.apache.catalina.core.ApplicationFilterChain.internalDoFilter(ApplicationFilterChain.java:193)
	at org.apache.catalina.core.ApplicationFilterChain.doFilter(ApplicationFilterChain.java:166)
	at org.springframework.web.filter.CharacterEncodingFilter.doFilterInternal(CharacterEncodingFilter.java:201)
	at org.springframework.web.filter.OncePerRequestFilter.doFilter(OncePerRequestFilter.java:119)
	at org.apache.catalina.core.ApplicationFilterChain.internalDoFilter(ApplicationFilterChain.java:193)
	at org.apache.catalina.core.ApplicationFilterChain.doFilter(ApplicationFilterChain.java:166)
	at org.apache.catalina.core.StandardWrapperValve.invoke(StandardWrapperValve.java:202)
	at org.apache.catalina.core.StandardContextValve.invoke(StandardContextValve.java:96)
	at org.apache.catalina.authenticator.AuthenticatorBase.invoke(AuthenticatorBase.java:541)
	at org.apache.catalina.core.StandardHostValve.invoke(StandardHostValve.java:139)
	at org.apache.catalina.valves.ErrorReportValve.invoke(ErrorReportValve.java:92)
	at org.apache.catalina.core.StandardEngineValve.invoke(StandardEngineValve.java:74)
	at org.apache.catalina.connector.CoyoteAdapter.service(CoyoteAdapter.java:343)
	at org.apache.coyote.http11.Http11Processor.service(Http11Processor.java:367)
	at org.apache.coyote.AbstractProcessorLight.process(AbstractProcessorLight.java:65)
	at org.apache.coyote.AbstractProtocol$ConnectionHandler.process(AbstractProtocol.java:868)
	at org.apache.tomcat.util.net.NioEndpoint$SocketProcessor.doRun(NioEndpoint.java:1639)
	at org.apache.tomcat.util.net.SocketProcessorBase.run(SocketProcessorBase.java:49)
	at java.util.concurrent.ThreadPoolExecutor.runWorker(ThreadPoolExecutor.java:1149)
	at java.util.concurrent.ThreadPoolExecutor$Worker.run(ThreadPoolExecutor.java:624)
	at org.apache.tomcat.util.threads.TaskThread$WrappingRunnable.run(TaskThread.java:61)
	at java.lang.Thread.run(Thread.java:748)

2021-08-05 11:15:26.977  INFO 28820 --- [http-nio-18084-exec-3] com.star.aspect.LogAspect                : Request : {url='http://localhost:18084/', ip='0:0:0:0:0:0:0:1', classMethod='com.star.controller.IndexController.index', args=[{}, 1, {}]}
2021-08-05 11:15:27.124 DEBUG 28820 --- [http-nio-18084-exec-3] c.s.dao.BlogDao.getFirstPageBlog_COUNT   : ==>  Preparing: SELECT count(0) FROM myblog.t_blog b, myblog.t_type t, myblog.t_user u WHERE b.type_id = t.id AND u.id = b.user_id 
2021-08-05 11:15:27.124 DEBUG 28820 --- [http-nio-18084-exec-3] c.s.dao.BlogDao.getFirstPageBlog_COUNT   : ==> Parameters: 
2021-08-05 11:15:27.230 DEBUG 28820 --- [http-nio-18084-exec-3] c.s.dao.BlogDao.getFirstPageBlog_COUNT   : <==      Total: 1
2021-08-05 11:15:27.234 DEBUG 28820 --- [http-nio-18084-exec-3] com.star.dao.BlogDao.getFirstPageBlog    : ==>  Preparing: select b.id,b.title,b.first_picture, b.views, b.comment_count,b.update_time,b.description, t.name , u.nickname, u.avatar from myblog.t_blog b, myblog.t_type t,myblog.t_user u where b.type_id = t.id and u.id = b.user_id order by b.update_time desc LIMIT ? 
2021-08-05 11:15:27.235 DEBUG 28820 --- [http-nio-18084-exec-3] com.star.dao.BlogDao.getFirstPageBlog    : ==> Parameters: 10(Integer)
2021-08-05 11:15:27.344 DEBUG 28820 --- [http-nio-18084-exec-3] com.star.dao.BlogDao.getFirstPageBlog    : <==      Total: 10
2021-08-05 11:15:27.345 DEBUG 28820 --- [http-nio-18084-exec-3] c.star.dao.BlogDao.getAllRecommendBlog   : ==>  Preparing: select * from myblog.t_blog where t_blog.recommend = true order by t_blog.update_time desc limit 4; 
2021-08-05 11:15:27.345 DEBUG 28820 --- [http-nio-18084-exec-3] c.star.dao.BlogDao.getAllRecommendBlog   : ==> Parameters: 
2021-08-05 11:15:27.519 DEBUG 28820 --- [http-nio-18084-exec-3] c.star.dao.BlogDao.getAllRecommendBlog   : <==      Total: 4
2021-08-05 11:15:27.521  INFO 28820 --- [http-nio-18084-exec-3] com.star.aspect.LogAspect                : Result : index
2021-08-05 11:15:27.725  INFO 28820 --- [http-nio-18084-exec-1] com.star.aspect.LogAspect                : Request : {url='http://localhost:18084/footer/blogmessage', ip='0:0:0:0:0:0:0:1', classMethod='com.star.controller.IndexController.blogMessage', args=[{}]}
2021-08-05 11:15:27.726 DEBUG 28820 --- [http-nio-18084-exec-1] com.star.dao.BlogDao.getBlogTotal        : ==>  Preparing: select count(*) from myblog.t_blog 
2021-08-05 11:15:27.726 DEBUG 28820 --- [http-nio-18084-exec-1] com.star.dao.BlogDao.getBlogTotal        : ==> Parameters: 
2021-08-05 11:15:27.810 DEBUG 28820 --- [http-nio-18084-exec-1] com.star.dao.BlogDao.getBlogTotal        : <==      Total: 1
2021-08-05 11:15:27.810 DEBUG 28820 --- [http-nio-18084-exec-1] com.star.dao.BlogDao.getBlogViewTotal    : ==>  Preparing: select sum(views) from myblog.t_blog 
2021-08-05 11:15:27.811 DEBUG 28820 --- [http-nio-18084-exec-1] com.star.dao.BlogDao.getBlogViewTotal    : ==> Parameters: 
2021-08-05 11:15:28.368 DEBUG 28820 --- [http-nio-18084-exec-1] com.star.dao.BlogDao.getBlogViewTotal    : <==      Total: 1
2021-08-05 11:15:28.368 DEBUG 28820 --- [http-nio-18084-exec-1] c.star.dao.BlogDao.getBlogCommentTotal   : ==>  Preparing: select count(*) from myblog.t_comment 
2021-08-05 11:15:28.369 DEBUG 28820 --- [http-nio-18084-exec-1] c.star.dao.BlogDao.getBlogCommentTotal   : ==> Parameters: 
2021-08-05 11:15:28.418 DEBUG 28820 --- [http-nio-18084-exec-1] c.star.dao.BlogDao.getBlogCommentTotal   : <==      Total: 1
2021-08-05 11:15:28.418 DEBUG 28820 --- [http-nio-18084-exec-1] c.star.dao.BlogDao.getBlogMessageTotal   : ==>  Preparing: select count(*) from myblog.t_message 
2021-08-05 11:15:28.419 DEBUG 28820 --- [http-nio-18084-exec-1] c.star.dao.BlogDao.getBlogMessageTotal   : ==> Parameters: 
2021-08-05 11:15:28.459 DEBUG 28820 --- [http-nio-18084-exec-1] c.star.dao.BlogDao.getBlogMessageTotal   : <==      Total: 1
2021-08-05 11:15:28.459  INFO 28820 --- [http-nio-18084-exec-1] com.star.aspect.LogAspect                : Result : admin/footer :: blogMessage
2021-08-05 11:15:35.710  INFO 28820 --- [SpringContextShutdownHook] o.s.s.concurrent.ThreadPoolTaskExecutor  : Shutting down ExecutorService 'applicationTaskExecutor'
2021-08-05 11:15:35.712  INFO 28820 --- [SpringContextShutdownHook] com.zaxxer.hikari.HikariDataSource       : HikariPool-1 - Shutdown initiated...
2021-08-05 11:15:35.720  INFO 28820 --- [SpringContextShutdownHook] com.zaxxer.hikari.HikariDataSource       : HikariPool-1 - Shutdown completed.
